43.6313 	INFO 	Loaded monitor calibration from ['2022_08_24 20:43']
43.9016 	WARNING 	User requested fullscreen with size [1024  768], but screen is actually [1920, 1080]. Using actual size
44.2707 	INFO 	Using renderer 'Intel(R) Iris(TM) Plus Graphics OpenGL Engine' for graphics
44.2708 	INFO 	OpenGL version supported by driver is 2..
44.3961 	EXP 	Created window1 = Window(allowGUI=False, allowStencil=False, autoLog=True, backendConf=UNKNOWN, backgroundFit=<method-wrapper '__getattribute__' of attributeSetter object at 0x1424ce890>, backgroundImage=<method-wrapper '__getattribute__' of attributeSetter object at 0x1424ce8f0>, bitsMode=UNKNOWN, blendMode='avg', bpc=(8, 8, 8), color=array([1, 1, 1]), colorSpace='rgb', depthBits=8, fullscr=True, gamma=None, gammaErrorPolicy='raise', infoMsg=UNKNOWN, lms=UNKNOWN, monitor=<psychopy.monitors.calibTools.Monitor object at 0x142d3d750>, multiSample=False, name='window1', numSamples=2, pos=[np.float64(0.0), np.float64(0.0)], screen=0, size=array([1920, 1080]), stencilBits=0, stereo=False, title='PsychoPy', units='height', useFBO=True, useRetina=False, viewOri=0.0, viewPos=None, viewScale=None, waitBlanking=True, winType='pyglet')
44.3962 	EXP 	window1: backgroundImage = ''
44.3962 	EXP 	window1: backgroundFit = 'none'
45.0106 	EXP 	window1: Attempting to measure frame rate of screen (0) ...
45.0107 	EXP 	window1: recordFrameIntervals = False
45.3972 	EXP 	window1: recordFrameIntervals = True
45.4615 	WARNING 	t of last frame was 20.53ms (=1/48)
45.4848 	WARNING 	t of last frame was 23.33ms (=1/42)
45.5347 	WARNING 	t of last frame was 20.17ms (=1/49)
45.5847 	WARNING 	t of last frame was 20.11ms (=1/49)
45.6400 	WARNING 	Multiple dropped frames have occurred - I'll stop bothering you about them!
47.4644 	EXP 	window1: recordFrameIntervals = False
47.4644 	WARNING 	Couldn't measure a consistent frame rate!
  - Is your graphics card set to sync to vertical blank?
  - Are you running other processes on your computer?

50.1685 	INFO 	keyboard.Keyboard is using ptb backend.
50.1685 	EXP 	lobule9: status = STARTED
50.3345 	EXP 	Created start_indicator = TextStim(__class__=<class 'psychopy.visual.text.TextStim'>, alignHoriz=method-wrapper(...), alignText='center', alignVert=method-wrapper(...), anchorHoriz='center', anchorVert='center', antialias=True, autoDraw=False, autoLog=True, bold=False, color=array([-1., -1., -1.]), colorSpace='rgb', contrast=1.0, depth=0.0, draggable=False, flipHoriz=False, flipVert=False, font='Arial', fontFiles=[], height=np.float64(0.1), italic=False, languageStyle='LTR', name='start_indicator', opacity=1, ori=0.0, pos=array([0., 0.]), rgb=UNKNOWN, text='Please wait, the experiment is starting…', units='height', win=Window(...), wrapWidth=1)
50.5787 	INFO 	Loaded psychtoolbox audio version 3.0.19.696976787
50.9567 	INFO 	Created stream for speaker device: MacBook Air Speakers (3.0)
51.0034 	EXP 	audio_trial: sampleRate = 48000
51.0035 	EXP 	audio_trial: channels = None
51.0423 	EXP 	Sound audio_trial set volume 1.000
51.0508 	EXP 	Created text_4 = TextStim(__class__=<class 'psychopy.visual.text.TextStim'>, alignHoriz=method-wrapper(...), alignText='center', alignVert=method-wrapper(...), anchorHoriz='center', anchorVert='center', antialias=True, autoDraw=False, autoLog=True, bold=False, color=array([-1., -1., -1.]), colorSpace='rgb', contrast=1.0, depth=-1.0, draggable=False, flipHoriz=False, flipVert=False, font='Arial', fontFiles=[], height=np.float64(0.05), italic=False, languageStyle='LTR', name='text_4', opacity=1, ori=0.0, pos=array([0., 0.]), rgb=UNKNOWN, text='+', units='height', win=Window(...), wrapWidth=1)
51.0525 	EXP 	Created question_trial = TextStim(__class__=<class 'psychopy.visual.text.TextStim'>, alignHoriz=method-wrapper(...), alignText='center', alignVert=method-wrapper(...), anchorHoriz='center', anchorVert='center', antialias=True, autoDraw=False, autoLog=True, bold=False, color=array([-1., -1., -1.]), colorSpace='rgb', contrast=1.0, depth=0.0, draggable=False, flipHoriz=False, flipVert=False, font='Arial', fontFiles=[], height=0.05, italic=False, languageStyle='LTR', name='question_trial', opacity=1, ori=0.0, pos=array([0., 0.]), rgb=UNKNOWN, text='', units='height', win=Window(...), wrapWidth=1)
51.0566 	EXP 	Created text_3 = TextStim(__class__=<class 'psychopy.visual.text.TextStim'>, alignHoriz=method-wrapper(...), alignText='center', alignVert=method-wrapper(...), anchorHoriz='center', anchorVert='center', antialias=True, autoDraw=False, autoLog=True, bold=False, color=array([-1., -1., -1.]), colorSpace='rgb', contrast=1.0, depth=0.0, draggable=False, flipHoriz=False, flipVert=False, font='Arial', fontFiles=[], height=np.float64(0.05), italic=False, languageStyle='LTR', name='text_3', opacity=1, ori=0.0, pos=array([0., 0.]), rgb=UNKNOWN, text='+', units='height', win=Window(...), wrapWidth=1)
51.0830 	EXP 	Created Goodbye_text = TextStim(__class__=<class 'psychopy.visual.text.TextStim'>, alignHoriz=method-wrapper(...), alignText='center', alignVert=method-wrapper(...), anchorHoriz='center', anchorVert='center', antialias=True, autoDraw=False, autoLog=True, bold=False, color=array([-1., -1., -1.]), colorSpace='rgb', contrast=1.0, depth=0.0, draggable=False, flipHoriz=False, flipVert=False, font='Arial', fontFiles=[], height=np.float64(0.05), italic=False, languageStyle='LTR', name='Goodbye_text', opacity=1, ori=0.0, pos=array([0., 0.]), rgb=UNKNOWN, text='This run is over, thank you!', units='height', win=Window(...), wrapWidth=1)
0.0696 	INFO 	Keyboard events cleared
0.0694 	EXP 	start_indicator: autoDraw = True
118.1718 	EXP 	Device response: <KeyPress from None: t=118.09226996099994, value=5, duration=None>
118.2222 	EXP 	Imported conditions.xlsx as conditions, 40 conditions, 5 params
118.2237 	EXP 	New trial (rep=0, index=0): <Trial 0 (0 in rep 0) data={'file': 'audios/incoh8.mp3', 'question_text': 'Was the story about a woman? Press the left arrow key for no, or the right arrow key for yes.', 'iti': 2, 'response': 2, 'condition_type': 'inc', 'thisN': 0, 'thisTrialN': 0, 'thisRepN': 0}>
118.2277 	EXP 	audio_trial: sampleRate = 44100
118.3683 	INFO 	Resampled audio from 44100Hz to 48000Hz using method 'default'.
118.3765 	EXP 	Sound audio_trial reached end of file
118.3808 	EXP 	Playing sound audio_trial on speaker MacBook Air Speakers
118.3775 	EXP 	Device response: <KeyPress from None: t=118.09226996099994, value=5, duration=0.12203470300005392>
118.3912 	DATA 	Keypress: 5
118.4134 	EXP 	start_indicator: autoDraw = False
118.4134 	EXP 	text_4: autoDraw = True
123.8537 	EXP 	Sound audio_trial reached end of file
123.8690 	EXP 	Sound audio_trial reached end of file
124.4364 	EXP 	text_4: autoDraw = False
124.4364 	EXP 	text_4: autoDraw = False
124.4364 	EXP 	question_trial: height = np.float64(0.05)
124.4364 	EXP 	question_trial: height = np.float64(0.05)
124.4364 	EXP 	question_trial: height = np.float64(0.05)
124.4364 	EXP 	question_trial: text = 'Was the story about a woman? Press the left arrow key for no, or the right arrow key for yes.'
125.1690 	INFO 	Keyboard events cleared
125.1688 	EXP 	question_trial: autoDraw = True
128.1698 	EXP 	question_trial: autoDraw = False
128.1698 	EXP 	question_trial: autoDraw = False
128.1847 	EXP 	text_3: autoDraw = True
130.1702 	EXP 	New trial (rep=0, index=1): <Trial 1 (1 in rep 0) data={'file': 'audios/coh19.mp3', 'question_text': 'Was the story about a woman? Press the left arrow key for no, or the right arrow key for yes.', 'iti': 2, 'response': 2, 'condition_type': 'coh', 'thisN': 1, 'thisTrialN': 1, 'thisRepN': 0}>
130.1725 	EXP 	audio_trial: sampleRate = 44100
130.2204 	INFO 	Resampled audio from 44100Hz to 48000Hz using method 'default'.
130.2265 	EXP 	Sound audio_trial reached end of file
130.2363 	EXP 	Playing sound audio_trial on speaker MacBook Air Speakers
130.2589 	EXP 	text_3: autoDraw = False
130.2589 	EXP 	text_3: autoDraw = False
130.2589 	EXP 	text_4: autoDraw = True
136.0013 	EXP 	Sound audio_trial reached end of file
136.0164 	EXP 	Sound audio_trial reached end of file
136.2661 	EXP 	text_4: autoDraw = False
136.2661 	EXP 	text_4: autoDraw = False
136.2661 	EXP 	question_trial: text = 'Was the story about a woman? Press the left arrow key for no, or the right arrow key for yes.'
137.1823 	INFO 	Keyboard events cleared
137.1821 	EXP 	question_trial: autoDraw = True
140.1815 	EXP 	question_trial: autoDraw = False
140.1815 	EXP 	question_trial: autoDraw = False
140.1815 	EXP 	text_3: autoDraw = True
142.1654 	EXP 	New trial (rep=0, index=2): <Trial 2 (2 in rep 0) data={'file': 'audios/coh11.mp3', 'question_text': 'Was the story about a woman? Press the left arrow key for no, or the right arrow key for yes.', 'iti': 2, 'response': 2, 'condition_type': 'coh', 'thisN': 2, 'thisTrialN': 2, 'thisRepN': 0}>
142.1683 	EXP 	audio_trial: sampleRate = 44100
142.3324 	INFO 	Resampled audio from 44100Hz to 48000Hz using method 'default'.
142.3404 	EXP 	Sound audio_trial reached end of file
142.3481 	EXP 	Playing sound audio_trial on speaker MacBook Air Speakers
142.3648 	EXP 	text_3: autoDraw = False
142.3648 	EXP 	text_3: autoDraw = False
142.3648 	EXP 	text_4: autoDraw = True
148.3634 	EXP 	text_4: autoDraw = False
149.1834 	EXP 	Sound audio_trial paused
149.1967 	INFO 	Keyboard events cleared
149.1965 	EXP 	text_4: autoDraw = False
149.1965 	EXP 	question_trial: text = 'Was the story about a woman? Press the left arrow key for no, or the right arrow key for yes.'
149.1965 	EXP 	question_trial: autoDraw = True
152.1963 	EXP 	question_trial: autoDraw = False
152.1963 	EXP 	text_3: autoDraw = True
154.1628 	EXP 	New trial (rep=0, index=3): <Trial 3 (3 in rep 0) data={'file': 'audios/incoh20.mp3', 'question_text': 'Was the story about a woman? Press the left arrow key for no, or the right arrow key for yes.', 'iti': 2, 'response': 2, 'condition_type': 'inc', 'thisN': 3, 'thisTrialN': 3, 'thisRepN': 0}>
154.1657 	EXP 	audio_trial: sampleRate = 44100
154.2500 	INFO 	Resampled audio from 44100Hz to 48000Hz using method 'default'.
154.2540 	EXP 	Sound audio_trial reached end of file
154.2622 	EXP 	Playing sound audio_trial on speaker MacBook Air Speakers
154.2752 	EXP 	text_3: autoDraw = False
154.2752 	EXP 	text_3: autoDraw = False
154.2752 	EXP 	text_4: autoDraw = True
159.0108 	EXP 	Sound audio_trial reached end of file
159.0270 	EXP 	Sound audio_trial reached end of file
160.2773 	EXP 	text_4: autoDraw = False
160.2773 	EXP 	text_4: autoDraw = False
160.2773 	EXP 	question_trial: text = 'Was the story about a woman? Press the left arrow key for no, or the right arrow key for yes.'
161.1768 	INFO 	Keyboard events cleared
161.1766 	EXP 	question_trial: autoDraw = True
164.1757 	EXP 	question_trial: autoDraw = False
164.1757 	EXP 	question_trial: autoDraw = False
164.1757 	EXP 	text_3: autoDraw = True
166.1601 	EXP 	New trial (rep=0, index=4): <Trial 4 (4 in rep 0) data={'file': 'audios/incoh19.mp3', 'question_text': 'Was the story about a woman? Press the left arrow key for no, or the right arrow key for yes.', 'iti': 2, 'response': 1, 'condition_type': 'inc', 'thisN': 4, 'thisTrialN': 4, 'thisRepN': 0}>
166.1621 	EXP 	audio_trial: sampleRate = 44100
166.2028 	INFO 	Resampled audio from 44100Hz to 48000Hz using method 'default'.
166.2094 	EXP 	Sound audio_trial reached end of file
166.2096 	EXP 	Playing sound audio_trial on speaker MacBook Air Speakers
166.2403 	EXP 	text_3: autoDraw = False
166.2403 	EXP 	text_3: autoDraw = False
166.2403 	EXP 	text_4: autoDraw = True
171.5271 	EXP 	Sound audio_trial reached end of file
171.5416 	EXP 	Sound audio_trial reached end of file
172.2410 	EXP 	text_4: autoDraw = False
172.2410 	EXP 	text_4: autoDraw = False
172.2410 	EXP 	question_trial: text = 'Was the story about a woman? Press the left arrow key for no, or the right arrow key for yes.'
173.1736 	INFO 	Keyboard events cleared
173.1735 	EXP 	question_trial: autoDraw = True
176.1974 	EXP 	question_trial: autoDraw = False
176.1974 	EXP 	text_3: autoDraw = True
178.1581 	EXP 	New trial (rep=0, index=5): <Trial 5 (5 in rep 0) data={'file': 'audios/incoh16.mp3', 'question_text': 'Was the story about a woman? Press the left arrow key for no, or the right arrow key for yes.', 'iti': 2, 'response': 2, 'condition_type': 'inc', 'thisN': 5, 'thisTrialN': 5, 'thisRepN': 0}>
178.1606 	EXP 	audio_trial: sampleRate = 44100
178.2091 	INFO 	Resampled audio from 44100Hz to 48000Hz using method 'default'.
178.2136 	EXP 	Sound audio_trial reached end of file
178.2241 	EXP 	Playing sound audio_trial on speaker MacBook Air Speakers
178.2401 	EXP 	text_3: autoDraw = False
178.2401 	EXP 	text_3: autoDraw = False
178.2401 	EXP 	text_4: autoDraw = True
183.4727 	EXP 	Sound audio_trial reached end of file
183.4890 	EXP 	Sound audio_trial reached end of file
184.2569 	EXP 	text_4: autoDraw = False
184.2569 	EXP 	text_4: autoDraw = False
184.2569 	EXP 	question_trial: text = 'Was the story about a woman? Press the left arrow key for no, or the right arrow key for yes.'
185.1707 	INFO 	Keyboard events cleared
185.1705 	EXP 	question_trial: autoDraw = True
188.1701 	EXP 	question_trial: autoDraw = False
188.1701 	EXP 	question_trial: autoDraw = False
188.1701 	EXP 	text_3: autoDraw = True
190.1509 	EXP 	New trial (rep=0, index=6): <Trial 6 (6 in rep 0) data={'file': 'audios/coh9.mp3', 'question_text': 'Was the story about a woman? Press the left arrow key for no, or the right arrow key for yes.', 'iti': 2, 'response': 2, 'condition_type': 'coh', 'thisN': 6, 'thisTrialN': 6, 'thisRepN': 0}>
190.1532 	EXP 	audio_trial: sampleRate = 44100
190.2844 	INFO 	Resampled audio from 44100Hz to 48000Hz using method 'default'.
190.2917 	EXP 	Sound audio_trial reached end of file
190.3002 	EXP 	Playing sound audio_trial on speaker MacBook Air Speakers
190.3171 	EXP 	text_3: autoDraw = False
190.3171 	EXP 	text_3: autoDraw = False
190.3171 	EXP 	text_4: autoDraw = True
196.3183 	EXP 	text_4: autoDraw = False
196.8359 	EXP 	Sound audio_trial reached end of file
196.8528 	EXP 	Sound audio_trial reached end of file
196.8688 	EXP 	text_4: autoDraw = False
196.8688 	EXP 	question_trial: text = 'Was the story about a woman? Press the left arrow key for no, or the right arrow key for yes.'
197.1524 	INFO 	Keyboard events cleared
197.1521 	EXP 	question_trial: autoDraw = True
200.1674 	EXP 	question_trial: autoDraw = False
200.1674 	EXP 	text_3: autoDraw = True
202.1339 	EXP 	New trial (rep=0, index=7): <Trial 7 (7 in rep 0) data={'file': 'audios/coh4.mp3', 'question_text': 'Was the story about a woman? Press the left arrow key for no, or the right arrow key for yes.', 'iti': 2, 'response': 1, 'condition_type': 'coh', 'thisN': 7, 'thisTrialN': 7, 'thisRepN': 0}>
202.1361 	EXP 	audio_trial: sampleRate = 44100
202.2545 	INFO 	Resampled audio from 44100Hz to 48000Hz using method 'default'.
202.2599 	EXP 	Sound audio_trial reached end of file
202.2666 	EXP 	Playing sound audio_trial on speaker MacBook Air Speakers
202.2834 	EXP 	text_3: autoDraw = False
202.2834 	EXP 	text_3: autoDraw = False
202.2834 	EXP 	text_4: autoDraw = True
207.7152 	EXP 	Sound audio_trial reached end of file
207.7299 	EXP 	Sound audio_trial reached end of file
208.2821 	EXP 	text_4: autoDraw = False
208.2821 	EXP 	text_4: autoDraw = False
208.2821 	EXP 	question_trial: text = 'Was the story about a woman? Press the left arrow key for no, or the right arrow key for yes.'
209.1516 	INFO 	Keyboard events cleared
209.1513 	EXP 	question_trial: autoDraw = True
212.1641 	EXP 	question_trial: autoDraw = False
212.1641 	EXP 	text_3: autoDraw = True
214.1306 	EXP 	New trial (rep=0, index=8): <Trial 8 (8 in rep 0) data={'file': 'audios/coh12.mp3', 'question_text': 'Was the story about a woman? Press the left arrow key for no, or the right arrow key for yes.', 'iti': 2, 'response': 1, 'condition_type': 'coh', 'thisN': 8, 'thisTrialN': 8, 'thisRepN': 0}>
214.1325 	EXP 	audio_trial: sampleRate = 44100
214.1806 	INFO 	Resampled audio from 44100Hz to 48000Hz using method 'default'.
214.1851 	EXP 	Sound audio_trial reached end of file
214.1968 	EXP 	Playing sound audio_trial on speaker MacBook Air Speakers
214.2114 	EXP 	text_3: autoDraw = False
214.2114 	EXP 	text_3: autoDraw = False
214.2114 	EXP 	text_4: autoDraw = True
214.6971 	DATA 	Keypress: escape
214.7047 	EXP 	Device response: <KeyPress from None: t=214.59615535199998, value=escape, duration=None>
214.7050 	EXP 	Device response: <KeyPress from None: t=214.59615535199998, value=escape, duration=0.07806488599999284>
214.7051 	EXP 	lobule9: status = STOPPED
214.7086 	EXP 	Sound audio_trial stopped
214.7300 	EXP 	text_4: autoDraw = False
214.7301 	EXP 	lobule9: status = STOPPED
214.7385 	INFO 	saved data to '/Users/natalia/Nextcloud/current_teaching/2026_SS_SE_ANI/experiments/lobule9/data/001_lobule9_2026-04-28_14h31.24.094.csv'
214.7414 	INFO 	saved data to /Users/natalia/Nextcloud/current_teaching/2026_SS_SE_ANI/experiments/lobule9/data/001_lobule9_2026-04-28_14h31.24.094.psydat
214.7698 	DATA 	Keypress: escape
215.5371 	INFO 	Stopping keyboard key buffers.
