16.5734 	INFO 	Loaded monitor calibration from ['2022_08_24 20:43']
16.8049 	WARNING 	User requested fullscreen with size [1024  768], but screen is actually [1920, 1080]. Using actual size
17.1332 	INFO 	Using renderer 'Intel(R) Iris(TM) Plus Graphics OpenGL Engine' for graphics
17.1332 	INFO 	OpenGL version supported by driver is 2..
17.2348 	EXP 	Created window1 = Window(allowGUI=False, allowStencil=False, autoLog=True, backendConf=UNKNOWN, backgroundFit=<method-wrapper '__getattribute__' of attributeSetter object at 0x143075720>, backgroundImage=<method-wrapper '__getattribute__' of attributeSetter object at 0x1430756c0>, bitsMode=UNKNOWN, blendMode='avg', bpc=(8, 8, 8), color=array([1, 1, 1]), colorSpace='rgb', depthBits=8, fullscr=True, gamma=None, gammaErrorPolicy='raise', infoMsg=UNKNOWN, lms=UNKNOWN, monitor=<psychopy.monitors.calibTools.Monitor object at 0x143645ae0>, multiSample=False, name='window1', numSamples=2, pos=[np.float64(0.0), np.float64(0.0)], screen=0, size=array([1920, 1080]), stencilBits=0, stereo=False, title='PsychoPy', units='height', useFBO=True, useRetina=False, viewOri=0.0, viewPos=None, viewScale=None, waitBlanking=True, winType='pyglet')
17.2349 	EXP 	window1: backgroundImage = ''
17.2349 	EXP 	window1: backgroundFit = 'none'
17.8553 	EXP 	window1: Attempting to measure frame rate of screen (0) ...
17.8553 	EXP 	window1: recordFrameIntervals = False
18.2255 	EXP 	window1: recordFrameIntervals = True
18.4961 	WARNING 	t of last frame was 20.64ms (=1/48)
18.7415 	WARNING 	t of last frame was 32.09ms (=1/31)
18.7905 	WARNING 	t of last frame was 31.87ms (=1/31)
18.8644 	WARNING 	t of last frame was 22.36ms (=1/44)
19.1548 	WARNING 	Multiple dropped frames have occurred - I'll stop bothering you about them!
19.9576 	EXP 	window1: recordFrameIntervals = False
19.9577 	EXP 	Screen (0) actual frame rate measured at 59.98Hz
21.9392 	INFO 	keyboard.Keyboard is using ptb backend.
21.9393 	EXP 	lobule9: status = STARTED
22.1090 	EXP 	Created start_indicator = TextStim(__class__=<class 'psychopy.visual.text.TextStim'>, alignHoriz=method-wrapper(...), alignText='center', alignVert=method-wrapper(...), anchorHoriz='center', anchorVert='center', antialias=True, autoDraw=False, autoLog=True, bold=False, color=array([-1., -1., -1.]), colorSpace='rgb', contrast=1.0, depth=0.0, draggable=False, flipHoriz=False, flipVert=False, font='Arial', fontFiles=[], height=np.float64(0.1), italic=False, languageStyle='LTR', name='start_indicator', opacity=1, ori=0.0, pos=array([0., 0.]), rgb=UNKNOWN, text='Please wait, the experiment is starting…', units='height', win=Window(...), wrapWidth=1)
22.8296 	INFO 	saved data to /Users/natalia/Nextcloud/current_teaching/2026_SS_SE_ANI/experiments/lobule9/data/001_lobule9_2026-04-28_14h20.11.764.psydat
22.8304 	INFO 	saved data to '/Users/natalia/Nextcloud/current_teaching/2026_SS_SE_ANI/experiments/lobule9/data/001_lobule9_2026-04-28_14h20.11.764.csv'
22.8318 	INFO 	Stopping keyboard key buffers.
