25.7705 	INFO 	Loaded monitor calibration from ['2022_08_24 20:43']
26.0136 	WARNING 	User requested fullscreen with size [1024  768], but screen is actually [1920, 1080]. Using actual size
26.3587 	INFO 	Using renderer 'Intel(R) Iris(TM) Plus Graphics OpenGL Engine' for graphics
26.3588 	INFO 	OpenGL version supported by driver is 2..
26.4783 	EXP 	Created window1 = Window(allowGUI=False, allowStencil=False, autoLog=True, backendConf=UNKNOWN, backgroundFit=<method-wrapper '__getattribute__' of attributeSetter object at 0x148865720>, backgroundImage=<method-wrapper '__getattribute__' of attributeSetter object at 0x1488656c0>, bitsMode=UNKNOWN, blendMode='avg', bpc=(8, 8, 8), color=array([1, 1, 1]), colorSpace='rgb', depthBits=8, fullscr=True, gamma=None, gammaErrorPolicy='raise', infoMsg=UNKNOWN, lms=UNKNOWN, monitor=<psychopy.monitors.calibTools.Monitor object at 0x149061ae0>, multiSample=False, name='window1', numSamples=2, pos=[np.float64(0.0), np.float64(0.0)], screen=0, size=array([1920, 1080]), stencilBits=0, stereo=False, title='PsychoPy', units='height', useFBO=True, useRetina=False, viewOri=0.0, viewPos=None, viewScale=None, waitBlanking=True, winType='pyglet')
26.4784 	EXP 	window1: backgroundImage = ''
26.4785 	EXP 	window1: backgroundFit = 'none'
27.0769 	EXP 	window1: Attempting to measure frame rate of screen (0) ...
27.0770 	EXP 	window1: recordFrameIntervals = False
27.4335 	EXP 	window1: recordFrameIntervals = True
27.5547 	WARNING 	t of last frame was 23.01ms (=1/43)
27.5800 	WARNING 	t of last frame was 25.34ms (=1/39)
27.6076 	WARNING 	t of last frame was 27.54ms (=1/36)
27.6367 	WARNING 	t of last frame was 29.12ms (=1/34)
27.6633 	WARNING 	Multiple dropped frames have occurred - I'll stop bothering you about them!
29.2572 	EXP 	window1: recordFrameIntervals = False
29.2572 	EXP 	Screen (0) actual frame rate measured at 59.94Hz
31.6525 	INFO 	keyboard.Keyboard is using ptb backend.
31.6526 	EXP 	lobule9: status = STARTED
31.7928 	EXP 	Created start_indicator = TextStim(__class__=<class 'psychopy.visual.text.TextStim'>, alignHoriz=method-wrapper(...), alignText='center', alignVert=method-wrapper(...), anchorHoriz='center', anchorVert='center', antialias=True, autoDraw=False, autoLog=True, bold=False, color=array([-1., -1., -1.]), colorSpace='rgb', contrast=1.0, depth=0.0, draggable=False, flipHoriz=False, flipVert=False, font='Arial', fontFiles=[], height=np.float64(0.1), italic=False, languageStyle='LTR', name='start_indicator', opacity=1, ori=0.0, pos=array([0., 0.]), rgb=UNKNOWN, text='Please wait, the experiment is starting…', units='height', win=Window(...), wrapWidth=1)
32.0144 	INFO 	Loaded psychtoolbox audio version 3.0.19.696976787
32.3425 	INFO 	Created stream for speaker device: MacBook Air Speakers (3.0)
32.3812 	EXP 	audio_trial: sampleRate = 48000
32.3812 	EXP 	audio_trial: channels = None
32.4044 	EXP 	Sound audio_trial set volume 1.000
32.4105 	EXP 	Created text_4 = TextStim(__class__=<class 'psychopy.visual.text.TextStim'>, alignHoriz=method-wrapper(...), alignText='center', alignVert=method-wrapper(...), anchorHoriz='center', anchorVert='center', antialias=True, autoDraw=False, autoLog=True, bold=False, color=array([-1., -1., -1.]), colorSpace='rgb', contrast=1.0, depth=-1.0, draggable=False, flipHoriz=False, flipVert=False, font='Arial', fontFiles=[], height=np.float64(0.05), italic=False, languageStyle='LTR', name='text_4', opacity=1, ori=0.0, pos=array([0., 0.]), rgb=UNKNOWN, text='+', units='height', win=Window(...), wrapWidth=1)
32.4116 	EXP 	Created question_trial = TextStim(__class__=<class 'psychopy.visual.text.TextStim'>, alignHoriz=method-wrapper(...), alignText='center', alignVert=method-wrapper(...), anchorHoriz='center', anchorVert='center', antialias=True, autoDraw=False, autoLog=True, bold=False, color=array([-1., -1., -1.]), colorSpace='rgb', contrast=1.0, depth=0.0, draggable=False, flipHoriz=False, flipVert=False, font='Arial', fontFiles=[], height=0.05, italic=False, languageStyle='LTR', name='question_trial', opacity=1, ori=0.0, pos=array([0., 0.]), rgb=UNKNOWN, text='', units='height', win=Window(...), wrapWidth=1)
32.4146 	EXP 	Created text_3 = TextStim(__class__=<class 'psychopy.visual.text.TextStim'>, alignHoriz=method-wrapper(...), alignText='center', alignVert=method-wrapper(...), anchorHoriz='center', anchorVert='center', antialias=True, autoDraw=False, autoLog=True, bold=False, color=array([-1., -1., -1.]), colorSpace='rgb', contrast=1.0, depth=0.0, draggable=False, flipHoriz=False, flipVert=False, font='Arial', fontFiles=[], height=np.float64(0.05), italic=False, languageStyle='LTR', name='text_3', opacity=1, ori=0.0, pos=array([0., 0.]), rgb=UNKNOWN, text='+', units='height', win=Window(...), wrapWidth=1)
32.4360 	EXP 	Created Goodbye_text = TextStim(__class__=<class 'psychopy.visual.text.TextStim'>, alignHoriz=method-wrapper(...), alignText='center', alignVert=method-wrapper(...), anchorHoriz='center', anchorVert='center', antialias=True, autoDraw=False, autoLog=True, bold=False, color=array([-1., -1., -1.]), colorSpace='rgb', contrast=1.0, depth=0.0, draggable=False, flipHoriz=False, flipVert=False, font='Arial', fontFiles=[], height=np.float64(0.05), italic=False, languageStyle='LTR', name='Goodbye_text', opacity=1, ori=0.0, pos=array([0., 0.]), rgb=UNKNOWN, text='This run is over, thank you!', units='height', win=Window(...), wrapWidth=1)
0.0628 	INFO 	Keyboard events cleared
0.0626 	EXP 	start_indicator: autoDraw = True
2.3116 	DATA 	Keypress: 5
2.3591 	EXP 	Device response: <KeyPress from None: t=2.29970735400002, value=5, duration=None>
2.4003 	EXP 	Imported conditions.xlsx as conditions, 40 conditions, 5 params
2.4017 	EXP 	New trial (rep=0, index=0): <Trial 0 (0 in rep 0) data={'file': 'audios/coh1.mp3', 'question_text': 'Was the story about a woman? Press the left arrow key for no, or the right arrow key for yes.', 'iti': 2, 'response': 2, 'condition_type': 'coh', 'thisN': 0, 'thisTrialN': 0, 'thisRepN': 0}>
2.4054 	EXP 	audio_trial: sampleRate = 44100
2.5370 	INFO 	Resampled audio from 44100Hz to 48000Hz using method 'default'.
2.5450 	EXP 	Sound audio_trial reached end of file
2.5493 	EXP 	Playing sound audio_trial on speaker MacBook Air Speakers
2.5460 	EXP 	Device response: <KeyPress from None: t=2.29970735400002, value=5, duration=0.13417256599996108>
2.5771 	EXP 	start_indicator: autoDraw = False
2.5771 	EXP 	text_4: autoDraw = True
8.0167 	EXP 	Sound audio_trial reached end of file
8.0288 	EXP 	Sound audio_trial reached end of file
8.5952 	EXP 	text_4: autoDraw = False
8.5952 	EXP 	text_4: autoDraw = False
8.5952 	EXP 	question_trial: height = np.float64(0.05)
8.5952 	EXP 	question_trial: height = np.float64(0.05)
8.5952 	EXP 	question_trial: height = np.float64(0.05)
8.5952 	EXP 	question_trial: text = 'Was the story about a woman? Press the left arrow key for no, or the right arrow key for yes.'
9.3613 	INFO 	Keyboard events cleared
9.3611 	EXP 	question_trial: autoDraw = True
12.3745 	EXP 	question_trial: autoDraw = False
12.3745 	EXP 	question_trial: autoDraw = False
12.3745 	EXP 	text_3: autoDraw = True
14.3451 	EXP 	New trial (rep=0, index=1): <Trial 1 (1 in rep 0) data={'file': 'audios/coh13.mp3', 'question_text': 'Was the story about a woman? Press the left arrow key for no, or the right arrow key for yes.', 'iti': 2, 'response': 2, 'condition_type': 'coh', 'thisN': 1, 'thisTrialN': 1, 'thisRepN': 0}>
14.3474 	EXP 	audio_trial: sampleRate = 44100
14.3868 	INFO 	Resampled audio from 44100Hz to 48000Hz using method 'default'.
14.3935 	EXP 	Sound audio_trial reached end of file
14.3946 	EXP 	Playing sound audio_trial on speaker MacBook Air Speakers
14.4287 	EXP 	text_3: autoDraw = False
14.4287 	EXP 	text_3: autoDraw = False
14.4287 	EXP 	text_4: autoDraw = True
16.0473 	EXP 	Device response: <KeyPress from None: t=16.036443125000005, value=escape, duration=None>
16.0849 	DATA 	Keypress: escape
16.2515 	EXP 	Device response: <KeyPress from None: t=16.036443125000005, value=escape, duration=0.19805906600004164>
16.2515 	EXP 	lobule9: status = STOPPED
16.2551 	EXP 	Sound audio_trial stopped
16.2760 	EXP 	text_4: autoDraw = False
16.2761 	EXP 	lobule9: status = STOPPED
16.2801 	INFO 	saved data to '/Users/natalia/Nextcloud/current_teaching/2026_SS_SE_ANI/experiments/lobule9/data/001_lobule9_2026-04-28_14h40.46.351.csv'
16.2824 	INFO 	saved data to /Users/natalia/Nextcloud/current_teaching/2026_SS_SE_ANI/experiments/lobule9/data/001_lobule9_2026-04-28_14h40.46.351.psydat
16.9920 	INFO 	Stopping keyboard key buffers.
