17.5984 	INFO 	Loaded monitor calibration from ['2022_08_24 20:43']
17.8460 	WARNING 	User requested fullscreen with size [1024  768], but screen is actually [1920, 1080]. Using actual size
18.1105 	INFO 	Using renderer 'Intel(R) Iris(TM) Plus Graphics OpenGL Engine' for graphics
18.1105 	INFO 	OpenGL version supported by driver is 2..
18.1809 	EXP 	Created window1 = Window(allowGUI=False, allowStencil=False, autoLog=True, backendConf=UNKNOWN, backgroundFit=<method-wrapper '__getattribute__' of attributeSetter object at 0x149829750>, backgroundImage=<method-wrapper '__getattribute__' of attributeSetter object at 0x1498296f0>, bitsMode=UNKNOWN, blendMode='avg', bpc=(8, 8, 8), color=array([1, 1, 1]), colorSpace='rgb', depthBits=8, fullscr=True, gamma=None, gammaErrorPolicy='raise', infoMsg=UNKNOWN, lms=UNKNOWN, monitor=<psychopy.monitors.calibTools.Monitor object at 0x14a0f5900>, multiSample=False, name='window1', numSamples=2, pos=[np.float64(0.0), np.float64(0.0)], screen=0, size=array([1920, 1080]), stencilBits=0, stereo=False, title='PsychoPy', units='height', useFBO=True, useRetina=False, viewOri=0.0, viewPos=None, viewScale=None, waitBlanking=True, winType='pyglet')
18.1810 	EXP 	window1: backgroundImage = ''
18.1810 	EXP 	window1: backgroundFit = 'none'
18.6163 	EXP 	window1: Attempting to measure frame rate of screen (0) ...
18.6163 	EXP 	window1: recordFrameIntervals = False
18.9125 	EXP 	window1: recordFrameIntervals = True
20.1146 	WARNING 	t of last frame was 35.46ms (=1/28)
20.1432 	WARNING 	t of last frame was 28.62ms (=1/34)
20.1702 	WARNING 	t of last frame was 27.02ms (=1/37)
20.2012 	WARNING 	t of last frame was 30.96ms (=1/32)
20.2257 	WARNING 	Multiple dropped frames have occurred - I'll stop bothering you about them!
20.6497 	EXP 	window1: recordFrameIntervals = False
20.6497 	EXP 	Screen (0) actual frame rate measured at 59.98Hz
23.0208 	INFO 	keyboard.Keyboard is using ptb backend.
23.0209 	EXP 	lobule9: status = STARTED
24.4681 	EXP 	Created start_indicator = TextStim(__class__=<class 'psychopy.visual.text.TextStim'>, alignHoriz=method-wrapper(...), alignText='center', alignVert=method-wrapper(...), anchorHoriz='center', anchorVert='center', antialias=True, autoDraw=False, autoLog=True, bold=False, color=array([-1., -1., -1.]), colorSpace='rgb', contrast=1.0, depth=0.0, draggable=False, flipHoriz=False, flipVert=False, font='Arial', fontFiles=[], height=np.float64(0.1), italic=False, languageStyle='LTR', name='start_indicator', opacity=1, ori=0.0, pos=array([0., 0.]), rgb=UNKNOWN, text='Please wait, the experiment is starting…', units='height', win=Window(...), wrapWidth=1)
24.6744 	INFO 	Loaded psychtoolbox audio version 3.0.19.696976787
24.8965 	INFO 	Created stream for speaker device: MacBook Air Speakers (2.0)
24.9499 	EXP 	audio_trial: sampleRate = 48000
24.9499 	EXP 	audio_trial: channels = None
24.9726 	EXP 	Sound audio_trial set volume 1.000
24.9784 	EXP 	Created text_4 = TextStim(__class__=<class 'psychopy.visual.text.TextStim'>, alignHoriz=method-wrapper(...), alignText='center', alignVert=method-wrapper(...), anchorHoriz='center', anchorVert='center', antialias=True, autoDraw=False, autoLog=True, bold=False, color=array([-1., -1., -1.]), colorSpace='rgb', contrast=1.0, depth=-1.0, draggable=False, flipHoriz=False, flipVert=False, font='Arial', fontFiles=[], height=np.float64(0.05), italic=False, languageStyle='LTR', name='text_4', opacity=1, ori=0.0, pos=array([0., 0.]), rgb=UNKNOWN, text='+', units='height', win=Window(...), wrapWidth=1)
24.9792 	EXP 	Created question_trial = TextStim(__class__=<class 'psychopy.visual.text.TextStim'>, alignHoriz=method-wrapper(...), alignText='center', alignVert=method-wrapper(...), anchorHoriz='center', anchorVert='center', antialias=True, autoDraw=False, autoLog=True, bold=False, color=array([-1., -1., -1.]), colorSpace='rgb', contrast=1.0, depth=0.0, draggable=False, flipHoriz=False, flipVert=False, font='Arial', fontFiles=[], height=0.05, italic=False, languageStyle='LTR', name='question_trial', opacity=1, ori=0.0, pos=array([0., 0.]), rgb=UNKNOWN, text='', units='height', win=Window(...), wrapWidth=1)
24.9815 	EXP 	Created text_3 = TextStim(__class__=<class 'psychopy.visual.text.TextStim'>, alignHoriz=method-wrapper(...), alignText='center', alignVert=method-wrapper(...), anchorHoriz='center', anchorVert='center', antialias=True, autoDraw=False, autoLog=True, bold=False, color=array([-1., -1., -1.]), colorSpace='rgb', contrast=1.0, depth=0.0, draggable=False, flipHoriz=False, flipVert=False, font='Arial', fontFiles=[], height=np.float64(0.05), italic=False, languageStyle='LTR', name='text_3', opacity=1, ori=0.0, pos=array([0., 0.]), rgb=UNKNOWN, text='+', units='height', win=Window(...), wrapWidth=1)
24.9929 	EXP 	Created Goodbye_text = TextStim(__class__=<class 'psychopy.visual.text.TextStim'>, alignHoriz=method-wrapper(...), alignText='center', alignVert=method-wrapper(...), anchorHoriz='center', anchorVert='center', antialias=True, autoDraw=False, autoLog=True, bold=False, color=array([-1., -1., -1.]), colorSpace='rgb', contrast=1.0, depth=0.0, draggable=False, flipHoriz=False, flipVert=False, font='Arial', fontFiles=[], height=np.float64(0.05), italic=False, languageStyle='LTR', name='Goodbye_text', opacity=1, ori=0.0, pos=array([0., 0.]), rgb=UNKNOWN, text='This run is over, thank you!', units='height', win=Window(...), wrapWidth=1)
0.0470 	INFO 	Keyboard events cleared
0.0469 	EXP 	start_indicator: autoDraw = True
1.3503 	EXP 	Device response: <KeyPress from None: t=1.3182873499999914, value=5, duration=None>
1.3714 	EXP 	Imported conditions.xlsx as conditions, 40 conditions, 5 params
1.3740 	EXP 	New trial (rep=0, index=0): <Trial 0 (0 in rep 0) data={'file': 'audios/incoh8.mp3', 'question_text': 'Was the story about a woman? Press the left arrow key for no, or the right arrow key for yes.', 'iti': 2, 'response': 2, 'condition_type': 'inc', 'thisN': 0, 'thisTrialN': 0, 'thisRepN': 0}>
1.3777 	EXP 	audio_trial: sampleRate = 44100
1.4489 	INFO 	Resampled audio from 44100Hz to 48000Hz using method 'default'.
1.4539 	EXP 	Sound audio_trial reached end of file
1.4691 	EXP 	Playing sound audio_trial on speaker MacBook Air Speakers
1.4634 	DATA 	Keypress: 5
1.4792 	EXP 	start_indicator: autoDraw = False
1.4792 	EXP 	text_4: autoDraw = True
1.4968 	EXP 	Device response: <KeyPress from None: t=1.3182873499999914, value=5, duration=0.16965170399998897>
3.3318 	EXP 	Device response: <KeyPress from None: t=3.31995735000055, value=f12, duration=None>
3.9864 	EXP 	Device response: <KeyPress from None: t=3.31995735000055, value=f12, duration=0.6480558510002083>
6.8101 	EXP 	Sound audio_trial reached end of file
6.8241 	EXP 	Sound audio_trial reached end of file
7.5070 	EXP 	text_4: autoDraw = False
7.5070 	EXP 	text_4: autoDraw = False
7.5070 	EXP 	question_trial: height = np.float64(0.05)
7.5070 	EXP 	question_trial: height = np.float64(0.05)
7.5070 	EXP 	question_trial: height = np.float64(0.05)
7.5070 	EXP 	question_trial: text = 'Was the story about a woman? Press the left arrow key for no, or the right arrow key for yes.'
8.3562 	INFO 	Keyboard events cleared
8.3561 	EXP 	question_trial: autoDraw = True
11.3706 	EXP 	question_trial: autoDraw = False
11.3706 	EXP 	text_3: autoDraw = True
13.3351 	EXP 	New trial (rep=0, index=1): <Trial 1 (1 in rep 0) data={'file': 'audios/incoh18.mp3', 'question_text': 'Was the story about a woman? Press the left arrow key for no, or the right arrow key for yes.', 'iti': 2, 'response': 2, 'condition_type': 'inc', 'thisN': 1, 'thisTrialN': 1, 'thisRepN': 0}>
13.3377 	EXP 	audio_trial: sampleRate = 44100
13.4434 	INFO 	Resampled audio from 44100Hz to 48000Hz using method 'default'.
13.4482 	EXP 	Sound audio_trial reached end of file
13.4514 	EXP 	Playing sound audio_trial on speaker MacBook Air Speakers
13.4680 	EXP 	text_3: autoDraw = False
13.4680 	EXP 	text_3: autoDraw = False
13.4680 	EXP 	text_4: autoDraw = True
19.4793 	EXP 	text_4: autoDraw = False
19.7291 	EXP 	Sound audio_trial reached end of file
19.7456 	EXP 	Sound audio_trial reached end of file
19.7622 	EXP 	text_4: autoDraw = False
19.7622 	EXP 	question_trial: text = 'Was the story about a woman? Press the left arrow key for no, or the right arrow key for yes.'
20.3453 	INFO 	Keyboard events cleared
20.3451 	EXP 	question_trial: autoDraw = True
23.3590 	EXP 	question_trial: autoDraw = False
23.3590 	EXP 	text_3: autoDraw = True
25.3249 	EXP 	New trial (rep=0, index=2): <Trial 2 (2 in rep 0) data={'file': 'audios/incoh6.mp3', 'question_text': 'Was the story about a woman? Press the left arrow key for no, or the right arrow key for yes.', 'iti': 2, 'response': 2, 'condition_type': 'inc', 'thisN': 2, 'thisTrialN': 2, 'thisRepN': 0}>
25.3274 	EXP 	audio_trial: sampleRate = 44100
25.3819 	INFO 	Resampled audio from 44100Hz to 48000Hz using method 'default'.
25.3857 	EXP 	Sound audio_trial reached end of file
25.3910 	EXP 	Playing sound audio_trial on speaker MacBook Air Speakers
25.4075 	EXP 	text_3: autoDraw = False
25.4075 	EXP 	text_3: autoDraw = False
25.4075 	EXP 	text_4: autoDraw = True
30.7690 	EXP 	Sound audio_trial reached end of file
30.7857 	EXP 	Sound audio_trial reached end of file
31.4178 	EXP 	text_4: autoDraw = False
31.4178 	EXP 	text_4: autoDraw = False
31.4178 	EXP 	question_trial: text = 'Was the story about a woman? Press the left arrow key for no, or the right arrow key for yes.'
32.3345 	INFO 	Keyboard events cleared
32.3343 	EXP 	question_trial: autoDraw = True
35.1590 	DATA 	Keypress: escape
35.1647 	EXP 	Device response: <KeyPress from None: t=35.115961780999896, value=escape, duration=None>
35.3481 	EXP 	question_trial: autoDraw = False
35.3481 	EXP 	text_3: autoDraw = True
35.3494 	EXP 	Device response: <KeyPress from None: t=35.115961780999896, value=escape, duration=0.22597161300018342>
35.3495 	EXP 	lobule9: status = STOPPED
35.3649 	EXP 	text_3: autoDraw = False
35.3650 	EXP 	lobule9: status = STOPPED
35.3690 	INFO 	saved data to '/Users/natalia/Nextcloud/current_teaching/2026_SS_SE_ANI/experiments/lobule9/data/001_lobule9_2026-04-28_14h15.42.069.csv'
35.3706 	INFO 	saved data to /Users/natalia/Nextcloud/current_teaching/2026_SS_SE_ANI/experiments/lobule9/data/001_lobule9_2026-04-28_14h15.42.069.psydat
36.3824 	INFO 	Stopping keyboard key buffers.
