18.8056 	INFO 	Loaded monitor calibration from ['2022_08_24 20:43']
19.4884 	WARNING 	User requested fullscreen with size [1024  768], but screen is actually [1920, 1080]. Using actual size
20.7702 	INFO 	Using renderer 'Intel(R) Iris(TM) Plus Graphics OpenGL Engine' for graphics
20.7703 	INFO 	OpenGL version supported by driver is 2..
20.9040 	EXP 	Created window1 = Window(allowGUI=False, allowStencil=False, autoLog=True, backendConf=UNKNOWN, backgroundFit=<method-wrapper '__getattribute__' of attributeSetter object at 0x148e0e8f0>, backgroundImage=<method-wrapper '__getattribute__' of attributeSetter object at 0x148e0e950>, bitsMode=UNKNOWN, blendMode='avg', bpc=(8, 8, 8), color=array([1, 1, 1]), colorSpace='rgb', depthBits=8, fullscr=True, gamma=None, gammaErrorPolicy='raise', infoMsg=UNKNOWN, lms=UNKNOWN, monitor=<psychopy.monitors.calibTools.Monitor object at 0x1492b9a20>, multiSample=False, name='window1', numSamples=2, pos=[np.float64(0.0), np.float64(0.0)], screen=0, size=array([1920, 1080]), stencilBits=0, stereo=False, title='PsychoPy', units='height', useFBO=True, useRetina=False, viewOri=0.0, viewPos=None, viewScale=None, waitBlanking=True, winType='pyglet')
20.9041 	EXP 	window1: backgroundImage = ''
20.9042 	EXP 	window1: backgroundFit = 'none'
21.5873 	EXP 	window1: Attempting to measure frame rate of screen (0) ...
21.5874 	EXP 	window1: recordFrameIntervals = False
21.9750 	EXP 	window1: recordFrameIntervals = True
23.5961 	WARNING 	t of last frame was 22.00ms (=1/45)
23.6453 	WARNING 	t of last frame was 31.87ms (=1/31)
23.6633 	EXP 	window1: recordFrameIntervals = False
23.6634 	EXP 	Screen (0) actual frame rate measured at 60.08Hz
25.8234 	INFO 	keyboard.Keyboard is using ptb backend.
25.8235 	EXP 	lobule9: status = STARTED
25.9497 	EXP 	Created start_indicator = TextStim(__class__=<class 'psychopy.visual.text.TextStim'>, alignHoriz=method-wrapper(...), alignText='center', alignVert=method-wrapper(...), anchorHoriz='center', anchorVert='center', antialias=True, autoDraw=False, autoLog=True, bold=False, color=array([-1., -1., -1.]), colorSpace='rgb', contrast=1.0, depth=0.0, draggable=False, flipHoriz=False, flipVert=False, font='Arial', fontFiles=[], height=np.float64(0.1), italic=False, languageStyle='LTR', name='start_indicator', opacity=1, ori=0.0, pos=array([0., 0.]), rgb=UNKNOWN, text='Please wait, the experiment is starting…', units='height', win=Window(...), wrapWidth=1)
26.2076 	INFO 	Loaded psychtoolbox audio version 3.0.19.696976787
26.5535 	INFO 	Created stream for speaker device: MacBook Air Speakers (2.0)
26.5925 	EXP 	audio_trial: sampleRate = 48000
26.5925 	EXP 	audio_trial: channels = None
26.6182 	EXP 	Sound audio_trial set volume 1.000
26.6244 	EXP 	Created text_4 = TextStim(__class__=<class 'psychopy.visual.text.TextStim'>, alignHoriz=method-wrapper(...), alignText='center', alignVert=method-wrapper(...), anchorHoriz='center', anchorVert='center', antialias=True, autoDraw=False, autoLog=True, bold=False, color=array([-1., -1., -1.]), colorSpace='rgb', contrast=1.0, depth=-1.0, draggable=False, flipHoriz=False, flipVert=False, font='Arial', fontFiles=[], height=np.float64(0.05), italic=False, languageStyle='LTR', name='text_4', opacity=1, ori=0.0, pos=array([0., 0.]), rgb=UNKNOWN, text='+', units='height', win=Window(...), wrapWidth=1)
26.6254 	EXP 	Created question_trial = TextStim(__class__=<class 'psychopy.visual.text.TextStim'>, alignHoriz=method-wrapper(...), alignText='center', alignVert=method-wrapper(...), anchorHoriz='center', anchorVert='center', antialias=True, autoDraw=False, autoLog=True, bold=False, color=array([-1., -1., -1.]), colorSpace='rgb', contrast=1.0, depth=0.0, draggable=False, flipHoriz=False, flipVert=False, font='Arial', fontFiles=[], height=0.05, italic=False, languageStyle='LTR', name='question_trial', opacity=1, ori=0.0, pos=array([0., 0.]), rgb=UNKNOWN, text='', units='height', win=Window(...), wrapWidth=1)
26.6286 	EXP 	Created text_3 = TextStim(__class__=<class 'psychopy.visual.text.TextStim'>, alignHoriz=method-wrapper(...), alignText='center', alignVert=method-wrapper(...), anchorHoriz='center', anchorVert='center', antialias=True, autoDraw=False, autoLog=True, bold=False, color=array([-1., -1., -1.]), colorSpace='rgb', contrast=1.0, depth=0.0, draggable=False, flipHoriz=False, flipVert=False, font='Arial', fontFiles=[], height=np.float64(0.05), italic=False, languageStyle='LTR', name='text_3', opacity=1, ori=0.0, pos=array([0., 0.]), rgb=UNKNOWN, text='+', units='height', win=Window(...), wrapWidth=1)
26.6504 	EXP 	Created Goodbye_text = TextStim(__class__=<class 'psychopy.visual.text.TextStim'>, alignHoriz=method-wrapper(...), alignText='center', alignVert=method-wrapper(...), anchorHoriz='center', anchorVert='center', antialias=True, autoDraw=False, autoLog=True, bold=False, color=array([-1., -1., -1.]), colorSpace='rgb', contrast=1.0, depth=0.0, draggable=False, flipHoriz=False, flipVert=False, font='Arial', fontFiles=[], height=np.float64(0.05), italic=False, languageStyle='LTR', name='Goodbye_text', opacity=1, ori=0.0, pos=array([0., 0.]), rgb=UNKNOWN, text='This run is over, thank you!', units='height', win=Window(...), wrapWidth=1)
0.0451 	INFO 	Keyboard events cleared
0.0448 	EXP 	start_indicator: autoDraw = True
3.0748 	EXP 	Device response: <KeyPress from None: t=3.012124352999308, value=5, duration=None>
3.1156 	EXP 	Imported conditions.xlsx as conditions, 40 conditions, 5 params
3.1170 	EXP 	New trial (rep=0, index=0): <Trial 0 (0 in rep 0) data={'file': 'audios/incoh3.mp3', 'question_text': 'Was the story about a woman? Press the left arrow key for no, or the right arrow key for yes.', 'iti': 2, 'response': 2, 'condition_type': 'inc', 'thisN': 0, 'thisTrialN': 0, 'thisRepN': 0}>
3.1191 	EXP 	audio_trial: sampleRate = 44100
3.2565 	INFO 	Resampled audio from 44100Hz to 48000Hz using method 'default'.
3.2629 	EXP 	Sound audio_trial reached end of file
3.2791 	EXP 	Playing sound audio_trial on speaker MacBook Air Speakers
3.2636 	EXP 	Device response: <KeyPress from None: t=3.012124352999308, value=5, duration=0.15819012400061183>
3.2695 	DATA 	Keypress: 5
3.2839 	EXP 	start_indicator: autoDraw = False
3.2839 	EXP 	text_4: autoDraw = True
9.2913 	EXP 	text_4: autoDraw = False
9.5157 	EXP 	Sound audio_trial reached end of file
9.5331 	EXP 	Sound audio_trial reached end of file
9.5806 	EXP 	text_4: autoDraw = False
9.5806 	EXP 	question_trial: height = np.float64(0.05)
9.5806 	EXP 	question_trial: height = np.float64(0.05)
9.5806 	EXP 	question_trial: height = np.float64(0.05)
9.5806 	EXP 	question_trial: text = 'Was the story about a woman? Press the left arrow key for no, or the right arrow key for yes.'
10.0815 	INFO 	Keyboard events cleared
10.0811 	EXP 	question_trial: autoDraw = True
13.0916 	EXP 	question_trial: autoDraw = False
13.0916 	EXP 	question_trial: autoDraw = False
13.0916 	EXP 	text_3: autoDraw = True
15.0665 	EXP 	New trial (rep=0, index=1): <Trial 1 (1 in rep 0) data={'file': 'audios/coh4.mp3', 'question_text': 'Was the story about a woman? Press the left arrow key for no, or the right arrow key for yes.', 'iti': 2, 'response': 1, 'condition_type': 'coh', 'thisN': 1, 'thisTrialN': 1, 'thisRepN': 0}>
15.0686 	EXP 	audio_trial: sampleRate = 44100
15.1615 	INFO 	Resampled audio from 44100Hz to 48000Hz using method 'default'.
15.1658 	EXP 	Sound audio_trial reached end of file
15.1824 	EXP 	Playing sound audio_trial on speaker MacBook Air Speakers
15.1894 	EXP 	text_3: autoDraw = False
15.1894 	EXP 	text_3: autoDraw = False
15.1894 	EXP 	text_4: autoDraw = True
20.6184 	EXP 	Sound audio_trial reached end of file
20.6364 	EXP 	Sound audio_trial reached end of file
20.8915 	DATA 	Keypress: escape
20.8963 	EXP 	Device response: <KeyPress from None: t=20.844886150999628, value=escape, duration=None>
21.0401 	EXP 	Device response: <KeyPress from None: t=20.844886150999628, value=escape, duration=0.18172808999952395>
21.0402 	EXP 	lobule9: status = STOPPED
21.0558 	EXP 	text_4: autoDraw = False
21.0560 	EXP 	lobule9: status = STOPPED
21.0603 	INFO 	saved data to '/Users/natalia/Nextcloud/current_teaching/2026_SS_SE_ANI/experiments/lobule9/data/001_lobule9_2026-04-28_14h17.47.379.csv'
21.0620 	INFO 	saved data to /Users/natalia/Nextcloud/current_teaching/2026_SS_SE_ANI/experiments/lobule9/data/001_lobule9_2026-04-28_14h17.47.379.psydat
22.1533 	INFO 	Stopping keyboard key buffers.
