28.2216 	INFO 	Loaded monitor calibration from ['2022_08_24 20:43']
28.5579 	WARNING 	User requested fullscreen with size [1024  768], but screen is actually [1920, 1080]. Using actual size
28.9550 	INFO 	Using renderer 'Intel(R) Iris(TM) Plus Graphics OpenGL Engine' for graphics
28.9551 	INFO 	OpenGL version supported by driver is 2..
29.0981 	EXP 	Created window1 = Window(allowGUI=False, allowStencil=False, autoLog=True, backendConf=UNKNOWN, backgroundFit=<method-wrapper '__getattribute__' of attributeSetter object at 0x14d178040>, backgroundImage=<method-wrapper '__getattribute__' of attributeSetter object at 0x14d17a980>, bitsMode=UNKNOWN, blendMode='avg', bpc=(8, 8, 8), color=array([0, 0, 0]), colorSpace='rgb', depthBits=8, fullscr=True, gamma=None, gammaErrorPolicy='raise', infoMsg=UNKNOWN, lms=UNKNOWN, monitor=<psychopy.monitors.calibTools.Monitor object at 0x14d735120>, multiSample=False, name='window1', numSamples=2, pos=[np.float64(0.0), np.float64(0.0)], screen=0, size=array([1920, 1080]), stencilBits=0, stereo=False, title='PsychoPy', units='height', useFBO=True, useRetina=False, viewOri=0.0, viewPos=None, viewScale=None, waitBlanking=True, winType='pyglet')
29.0982 	EXP 	window1: backgroundImage = ''
29.0982 	EXP 	window1: backgroundFit = 'none'
29.6953 	EXP 	window1: Attempting to measure frame rate of screen (0) ...
29.6953 	EXP 	window1: recordFrameIntervals = False
30.1062 	EXP 	window1: recordFrameIntervals = True
30.3159 	WARNING 	t of last frame was 24.31ms (=1/41)
30.3412 	WARNING 	t of last frame was 25.30ms (=1/39)
30.4922 	WARNING 	t of last frame was 21.27ms (=1/47)
30.5163 	WARNING 	t of last frame was 24.10ms (=1/41)
30.5379 	WARNING 	Multiple dropped frames have occurred - I'll stop bothering you about them!
32.3529 	EXP 	window1: recordFrameIntervals = False
32.3529 	EXP 	Screen (0) actual frame rate measured at 40.62Hz
37.1208 	INFO 	keyboard.Keyboard is using ptb backend.
37.1209 	EXP 	mct: status = STARTED
37.2939 	EXP 	Created wait_text = TextStim(__class__=<class 'psychopy.visual.text.TextStim'>, alignHoriz=method-wrapper(...), alignText='center', alignVert=method-wrapper(...), anchorHoriz='center', anchorVert='center', antialias=True, autoDraw=False, autoLog=True, bold=False, color=array([1., 1., 1.]), colorSpace='rgb', contrast=1.0, depth=0.0, draggable=False, flipHoriz=False, flipVert=False, font='Arial', fontFiles=[], height=np.float64(0.05), italic=False, languageStyle='LTR', name='wait_text', opacity=1, ori=0.0, pos=array([0., 0.]), rgb=UNKNOWN, text=str(...), units='height', win=Window(...), wrapWidth=1)
37.3010 	EXP 	Created t_fix = TextStim(__class__=<class 'psychopy.visual.text.TextStim'>, alignHoriz=method-wrapper(...), alignText='center', alignVert=method-wrapper(...), anchorHoriz='center', anchorVert='center', antialias=True, autoDraw=False, autoLog=True, bold=False, color=array([1., 1., 1.]), colorSpace='rgb', contrast=1.0, depth=0.0, draggable=False, flipHoriz=False, flipVert=False, font='Arial', fontFiles=[], height=np.float64(0.05), italic=False, languageStyle='LTR', name='t_fix', opacity=1, ori=0.0, pos=array([0., 0.]), rgb=UNKNOWN, text='+', units='height', win=Window(...), wrapWidth=1)
37.3639 	EXP 	Created t_img = ImageStim(__class__=<class 'psychopy.visual.image.ImageStim'>, anchor=('center', 'center'), autoLog=True, color=array([1., 1., 1.]), colorSpace='rgb', contrast=1.0, depth=-1.0, draggable=False, flipHoriz=np.False_, flipVert=np.False_, image='default.png', interpolate=True, mask=None, maskParams=None, name='t_img', opacity=1, ori=0.0, pos=array([0., 0.]), size=array([0.5, 0.5]), texRes=128.0, units='height', win=Window(...))
37.6298 	INFO 	Loaded psychtoolbox audio version 3.0.19.696976787
37.9935 	INFO 	Created stream for speaker device: MacBook Air Speakers (2.0)
38.0665 	EXP 	t_audio: sampleRate = 48000
38.0665 	EXP 	t_audio: channels = None
38.0944 	EXP 	Sound t_audio set volume 1.000
38.1015 	EXP 	Created t_FZ = TextStim(__class__=<class 'psychopy.visual.text.TextStim'>, alignHoriz=method-wrapper(...), alignText='center', alignVert=method-wrapper(...), anchorHoriz='center', anchorVert='center', antialias=True, autoDraw=False, autoLog=True, bold=False, color=array([1., 1., 1.]), colorSpace='rgb', contrast=1.0, depth=0.0, draggable=False, flipHoriz=False, flipVert=False, font='Arial', fontFiles=[], height=np.float64(0.05), italic=False, languageStyle='LTR', name='t_FZ', opacity=1, ori=0.0, pos=array([0., 0.]), rgb=UNKNOWN, text='?', units='height', win=Window(...), wrapWidth=1)
38.1056 	EXP 	Created text = TextStim(__class__=<class 'psychopy.visual.text.TextStim'>, alignHoriz=method-wrapper(...), alignText='center', alignVert=method-wrapper(...), anchorHoriz='center', anchorVert='center', antialias=True, autoDraw=False, autoLog=True, bold=False, color=array([-1.        ,  0.00392157, -1.        ]), colorSpace='rgb', contrast=1.0, depth=-1.0, draggable=False, flipHoriz=False, flipVert=False, font='Arial', fontFiles=[], height=np.float64(0.05), italic=False, languageStyle='LTR', name='text', opacity=1, ori=0.0, pos=array([0., 0.]), rgb=UNKNOWN, text='?', units='height', win=Window(...), wrapWidth=1)
38.1164 	INFO 	Using audio device #1 (MacBook Air Microphone) for audio capture. Full spec: AudioDeviceInfo(deviceIndex=1, deviceName='MacBook Air Microphone', hostAPIName='Core Audio', outputChannels=0, outputLatency=(0.01, 0.1), inputChannels=1, inputLatency=(0.034520833333333334, 0.043854166666666666), defaultSampleRate=48000, audioLib='ptb')
0.0490 	INFO 	Keyboard events cleared
0.0488 	EXP 	wait_text: autoDraw = True
73.4807 	EXP 	Device response: <KeyPress from None: t=73.39771840600042, value=5, duration=None>
73.4816 	EXP 	Device response: <KeyPress from None: t=73.39771840600042, value=5, duration=0.019886756999767385>
73.5320 	EXP 	Imported stim/sub-001/ses-01/sub-001_ses-01_MCT_run-01_conditions.csv as conditions, 4 conditions, 5 params
73.5333 	EXP 	New trial (rep=0, index=0): <Trial 0 (0 in rep 0) data={'marker': np.int64(41), 'item': 'stim/Items/Job_Pic.JPG', 'audiofile': 'stim/Items/gain_1_high.mp3', 'audio_dur': np.float64(33.3), 'condition': 'gain_high', 'thisN': 0, 'thisTrialN': 0, 'thisRepN': 0}>
73.5891 	EXP 	t_audio: sampleRate = 24000
73.9848 	INFO 	Resampled audio from 24000Hz to 48000Hz using method 'default'.
74.0875 	DATA 	Keypress: 5
74.1090 	EXP 	wait_text: autoDraw = False
74.1090 	EXP 	t_img: image = 'stim/Items/Job_Pic.JPG'
74.1090 	EXP 	t_fix: autoDraw = True
75.4065 	EXP 	Device response: <KeyPress from None: t=75.39759887500031, value=5, duration=None>
75.4438 	DATA 	Keypress: 5
75.4560 	EXP 	Device response: <KeyPress from None: t=75.39759887500031, value=5, duration=0.019994279999991704>
77.4018 	EXP 	Device response: <KeyPress from None: t=77.39757855100015, value=5, duration=None>
77.4280 	EXP 	Device response: <KeyPress from None: t=77.39757855100015, value=5, duration=0.02007705200003329>
77.4334 	DATA 	Keypress: 5
79.4132 	EXP 	Device response: <KeyPress from None: t=79.39759147500035, value=5, duration=None>
79.4201 	DATA 	Keypress: 5
79.4485 	EXP 	Device response: <KeyPress from None: t=79.39759147500035, value=5, duration=0.02000828099971841>
81.4032 	EXP 	Device response: <KeyPress from None: t=81.39764415000036, value=5, duration=None>
81.4152 	DATA 	Keypress: 5
81.4298 	EXP 	Device response: <KeyPress from None: t=81.39764415000036, value=5, duration=0.019954200000029232>
83.4020 	EXP 	Device response: <KeyPress from None: t=83.39762992000033, value=5, duration=None>
83.4145 	DATA 	Keypress: 5
83.4269 	EXP 	Device response: <KeyPress from None: t=83.39762992000033, value=5, duration=0.020050397999966663>
85.4141 	EXP 	Device response: <KeyPress from None: t=85.39757877000011, value=5, duration=None>
85.4215 	DATA 	Keypress: 5
85.4400 	EXP 	Device response: <KeyPress from None: t=85.39757877000011, value=5, duration=0.020077803000276617>
87.4080 	EXP 	Device response: <KeyPress from None: t=87.39757521299998, value=5, duration=None>
87.4150 	DATA 	Keypress: 5
87.4343 	EXP 	Device response: <KeyPress from None: t=87.39757521299998, value=5, duration=0.020090846000130114>
89.4108 	DATA 	Keypress: 5
89.4166 	EXP 	Device response: <KeyPress from None: t=89.39753703600036, value=5, duration=None>
89.4436 	EXP 	Device response: <KeyPress from None: t=89.39753703600036, value=5, duration=0.019997921999674872>
91.4112 	DATA 	Keypress: 5
91.4234 	EXP 	Device response: <KeyPress from None: t=91.39761164900028, value=5, duration=None>
91.4239 	EXP 	Device response: <KeyPress from None: t=91.39761164900028, value=5, duration=0.01997869799970431>
93.4014 	EXP 	Device response: <KeyPress from None: t=93.39772184000003, value=5, duration=None>
93.4227 	DATA 	Keypress: 5
93.4438 	EXP 	Device response: <KeyPress from None: t=93.39772184000003, value=5, duration=0.01991200700012996>
95.4174 	EXP 	Device response: <KeyPress from None: t=95.39759216200036, value=5, duration=None>
95.4236 	DATA 	Keypress: 5
95.4499 	EXP 	Device response: <KeyPress from None: t=95.39759216200036, value=5, duration=0.020085241999822756>
97.4107 	EXP 	Device response: <KeyPress from None: t=97.39759051100009, value=5, duration=None>
97.4176 	DATA 	Keypress: 5
97.4349 	EXP 	Device response: <KeyPress from None: t=97.39759051100009, value=5, duration=0.01996929500000988>
99.4060 	EXP 	Device response: <KeyPress from None: t=99.39754283100001, value=5, duration=None>
99.4130 	DATA 	Keypress: 5
99.4224 	EXP 	Device response: <KeyPress from None: t=99.39754283100001, value=5, duration=0.020148153000263846>
101.4116 	EXP 	Device response: <KeyPress from None: t=101.39758332200017, value=5, duration=None>
101.4193 	DATA 	Keypress: 5
101.4432 	EXP 	Device response: <KeyPress from None: t=101.39758332200017, value=5, duration=0.020070065000254544>
103.4032 	EXP 	Device response: <KeyPress from None: t=103.39761223900041, value=5, duration=None>
103.4155 	DATA 	Keypress: 5
103.4272 	EXP 	Device response: <KeyPress from None: t=103.39761223900041, value=5, duration=0.020034142999975302>
103.4790 	EXP 	Sound t_audio reached end of file
103.4952 	EXP 	Playing sound t_audio on speaker MacBook Air Speakers
104.1522 	EXP 	t_fix: autoDraw = False
104.1522 	EXP 	t_img: autoDraw = True
105.4079 	EXP 	Device response: <KeyPress from None: t=105.39756957700001, value=5, duration=None>
105.4144 	DATA 	Keypress: 5
105.4398 	EXP 	Device response: <KeyPress from None: t=105.39756957700001, value=5, duration=0.020116595000217785>
107.4169 	EXP 	Device response: <KeyPress from None: t=107.3976156890003, value=5, duration=None>
107.4229 	DATA 	Keypress: 5
107.4409 	EXP 	Device response: <KeyPress from None: t=107.3976156890003, value=5, duration=0.020018987999719684>
109.4131 	EXP 	Device response: <KeyPress from None: t=109.39756211600024, value=5, duration=None>
109.4206 	DATA 	Keypress: 5
109.4444 	EXP 	Device response: <KeyPress from None: t=109.39756211600024, value=5, duration=0.020030223000048863>
111.4105 	EXP 	Device response: <KeyPress from None: t=111.39760434400023, value=5, duration=None>
111.4175 	DATA 	Keypress: 5
111.4330 	EXP 	Device response: <KeyPress from None: t=111.39760434400023, value=5, duration=0.02008045399998082>
113.4061 	EXP 	Device response: <KeyPress from None: t=113.3976074950001, value=5, duration=None>
113.4127 	DATA 	Keypress: 5
113.4316 	EXP 	Device response: <KeyPress from None: t=113.3976074950001, value=5, duration=0.020040728999902058>
115.4088 	EXP 	Device response: <KeyPress from None: t=115.39758615400024, value=5, duration=None>
115.4178 	DATA 	Keypress: 5
115.4410 	EXP 	Device response: <KeyPress from None: t=115.39758615400024, value=5, duration=0.02000546299996131>
117.4056 	EXP 	Device response: <KeyPress from None: t=117.39761570200017, value=5, duration=None>
117.4181 	DATA 	Keypress: 5
117.4313 	EXP 	Device response: <KeyPress from None: t=117.39761570200017, value=5, duration=0.02002276500024891>
119.4127 	EXP 	Device response: <KeyPress from None: t=119.397576974, value=5, duration=None>
119.4201 	DATA 	Keypress: 5
119.4380 	EXP 	Device response: <KeyPress from None: t=119.397576974, value=5, duration=0.02003792900040935>
121.4102 	EXP 	Device response: <KeyPress from None: t=121.39767715800008, value=5, duration=None>
121.4167 	DATA 	Keypress: 5
121.4416 	EXP 	Device response: <KeyPress from None: t=121.39767715800008, value=5, duration=0.019925946000057593>
123.4041 	EXP 	Device response: <KeyPress from None: t=123.39766910100025, value=5, duration=None>
123.4159 	DATA 	Keypress: 5
123.4308 	EXP 	Device response: <KeyPress from None: t=123.39766910100025, value=5, duration=0.020022274999973888>
125.4125 	DATA 	Keypress: 5
125.4183 	EXP 	Device response: <KeyPress from None: t=125.39763976500035, value=5, duration=None>
125.4358 	EXP 	Device response: <KeyPress from None: t=125.39763976500035, value=5, duration=0.0199687679996714>
127.4232 	EXP 	Device response: <KeyPress from None: t=127.39759392800033, value=5, duration=None>
127.4240 	EXP 	Device response: <KeyPress from None: t=127.39759392800033, value=5, duration=0.020077058999959263>
127.4318 	DATA 	Keypress: 5
129.4127 	DATA 	Keypress: 5
129.4215 	EXP 	Device response: <KeyPress from None: t=129.39758007199998, value=5, duration=None>
129.4223 	EXP 	Device response: <KeyPress from None: t=129.39758007199998, value=5, duration=0.020054071000231488>
131.4105 	EXP 	Device response: <KeyPress from None: t=131.3976481640002, value=5, duration=None>
131.4174 	DATA 	Keypress: 5
131.4350 	EXP 	Device response: <KeyPress from None: t=131.3976481640002, value=5, duration=0.02006913200011695>
133.4001 	EXP 	Device response: <KeyPress from None: t=133.3976432610002, value=5, duration=None>
133.4227 	DATA 	Keypress: 5
133.4444 	EXP 	Device response: <KeyPress from None: t=133.3976432610002, value=5, duration=0.01997356599986233>
135.4023 	EXP 	Device response: <KeyPress from None: t=135.39760325900033, value=5, duration=None>
135.4120 	DATA 	Keypress: 5
135.4234 	EXP 	Device response: <KeyPress from None: t=135.39760325900033, value=5, duration=0.019952161999754026>
136.7850 	EXP 	Sound t_audio stopped
136.8039 	EXP 	New trial (rep=0, index=0): <Trial 0 (0 in rep 0) data={'thisN': 0, 'thisTrialN': 0, 'thisRepN': 0}>
136.8041 	EXP 	idea_mic: policyWhenFull = 'warn'
136.8256 	EXP 	t_img: autoDraw = False
136.8256 	EXP 	t_fix: autoDraw = False
136.8256 	EXP 	t_img: autoDraw = False
136.8256 	EXP 	t_FZ: autoDraw = True
137.4208 	EXP 	Device response: <KeyPress from None: t=137.39758629900007, value=5, duration=None>
137.4215 	EXP 	Device response: <KeyPress from None: t=137.39758629900007, value=5, duration=0.020085637000192946>
137.4264 	DATA 	Keypress: 5
139.4120 	DATA 	Keypress: 5
139.4243 	EXP 	Device response: <KeyPress from None: t=139.39758132100042, value=5, duration=None>
139.4247 	EXP 	Device response: <KeyPress from None: t=139.39758132100042, value=5, duration=0.019994065999981103>
141.4106 	EXP 	Device response: <KeyPress from None: t=141.39767796500018, value=5, duration=None>
141.4173 	DATA 	Keypress: 5
141.4394 	EXP 	Device response: <KeyPress from None: t=141.39767796500018, value=5, duration=0.019954025000060938>
143.4035 	EXP 	Device response: <KeyPress from None: t=143.397633822, value=5, duration=None>
143.4124 	DATA 	Keypress: 5
143.4214 	EXP 	Device response: <KeyPress from None: t=143.397633822, value=5, duration=0.02001621600038561>
145.4061 	EXP 	Device response: <KeyPress from None: t=145.3976697840003, value=5, duration=None>
145.4163 	DATA 	Keypress: 5
145.4319 	EXP 	Device response: <KeyPress from None: t=145.3976697840003, value=5, duration=0.01989395800001148>
147.4218 	EXP 	Device response: <KeyPress from None: t=147.39757681500032, value=5, duration=None>
147.4222 	EXP 	Device response: <KeyPress from None: t=147.39757681500032, value=5, duration=0.020134408000103576>
147.4284 	DATA 	Keypress: 5
149.4188 	EXP 	Device response: <KeyPress from None: t=149.3975711310004, value=5, duration=None>
149.4248 	DATA 	Keypress: 5
149.4440 	EXP 	Device response: <KeyPress from None: t=149.3975711310004, value=5, duration=0.020032055999763543>
151.4108 	EXP 	Device response: <KeyPress from None: t=151.3976448440003, value=5, duration=None>
151.4180 	DATA 	Keypress: 5
151.4321 	EXP 	Device response: <KeyPress from None: t=151.3976448440003, value=5, duration=0.019934292000016285>
151.8178 	EXP 	text: autoDraw = True
151.9584 	EXP 	t_FZ: autoDraw = False
152.4505 	WARNING 	Recording buffer is full, no more samples will be added.
152.4784 	WARNING 	Recording buffer is full, no more samples will be added.
152.4971 	WARNING 	Recording buffer is full, no more samples will be added.
152.5188 	WARNING 	Recording buffer is full, no more samples will be added.
152.5478 	WARNING 	Recording buffer is full, no more samples will be added.
152.5585 	WARNING 	Recording buffer is full, no more samples will be added.
152.5767 	WARNING 	Recording buffer is full, no more samples will be added.
152.6012 	WARNING 	Recording buffer is full, no more samples will be added.
152.6257 	WARNING 	Recording buffer is full, no more samples will be added.
152.6502 	WARNING 	Recording buffer is full, no more samples will be added.
152.6622 	WARNING 	Recording buffer is full, no more samples will be added.
152.6802 	WARNING 	Recording buffer is full, no more samples will be added.
152.6918 	WARNING 	Recording buffer is full, no more samples will be added.
152.7049 	WARNING 	Recording buffer is full, no more samples will be added.
152.7256 	WARNING 	Recording buffer is full, no more samples will be added.
152.7498 	WARNING 	Recording buffer is full, no more samples will be added.
152.7601 	WARNING 	Recording buffer is full, no more samples will be added.
152.7783 	WARNING 	Recording buffer is full, no more samples will be added.
152.7955 	WARNING 	Recording buffer is full, no more samples will be added.
152.8226 	WARNING 	Recording buffer is full, no more samples will be added.
152.8462 	WARNING 	Recording buffer is full, no more samples will be added.
152.8645 	WARNING 	Recording buffer is full, no more samples will be added.
152.8809 	WARNING 	Recording buffer is full, no more samples will be added.
152.8966 	WARNING 	Recording buffer is full, no more samples will be added.
152.9115 	WARNING 	Recording buffer is full, no more samples will be added.
152.9289 	WARNING 	Recording buffer is full, no more samples will be added.
152.9462 	WARNING 	Recording buffer is full, no more samples will be added.
152.9646 	WARNING 	Recording buffer is full, no more samples will be added.
152.9752 	WARNING 	Recording buffer is full, no more samples will be added.
152.9999 	WARNING 	Recording buffer is full, no more samples will be added.
153.0264 	WARNING 	Recording buffer is full, no more samples will be added.
153.0511 	WARNING 	Recording buffer is full, no more samples will be added.
153.0781 	WARNING 	Recording buffer is full, no more samples will be added.
153.0963 	WARNING 	Recording buffer is full, no more samples will be added.
153.1142 	WARNING 	Recording buffer is full, no more samples will be added.
153.1326 	WARNING 	Recording buffer is full, no more samples will be added.
153.1438 	WARNING 	Recording buffer is full, no more samples will be added.
153.1696 	WARNING 	Recording buffer is full, no more samples will be added.
153.1939 	WARNING 	Recording buffer is full, no more samples will be added.
153.2112 	WARNING 	Recording buffer is full, no more samples will be added.
153.2363 	WARNING 	Recording buffer is full, no more samples will be added.
153.2549 	WARNING 	Recording buffer is full, no more samples will be added.
153.2737 	WARNING 	Recording buffer is full, no more samples will be added.
153.2997 	WARNING 	Recording buffer is full, no more samples will be added.
153.3248 	WARNING 	Recording buffer is full, no more samples will be added.
153.3511 	WARNING 	Recording buffer is full, no more samples will be added.
153.3787 	WARNING 	Recording buffer is full, no more samples will be added.
153.3964 	WARNING 	Recording buffer is full, no more samples will be added.
153.4146 	WARNING 	Recording buffer is full, no more samples will be added.
153.4173 	EXP 	Device response: <KeyPress from None: t=153.3975721290003, value=5, duration=None>
153.4276 	DATA 	Keypress: 5
153.4509 	WARNING 	Recording buffer is full, no more samples will be added.
153.4527 	EXP 	Device response: <KeyPress from None: t=153.3975721290003, value=5, duration=0.020147875000020576>
153.4829 	WARNING 	Recording buffer is full, no more samples will be added.
153.5045 	WARNING 	Recording buffer is full, no more samples will be added.
153.5228 	WARNING 	Recording buffer is full, no more samples will be added.
153.5481 	WARNING 	Recording buffer is full, no more samples will be added.
153.5606 	WARNING 	Recording buffer is full, no more samples will be added.
153.5870 	WARNING 	Recording buffer is full, no more samples will be added.
153.6038 	WARNING 	Recording buffer is full, no more samples will be added.
153.6276 	WARNING 	Recording buffer is full, no more samples will be added.
153.6418 	WARNING 	Recording buffer is full, no more samples will be added.
153.6664 	WARNING 	Recording buffer is full, no more samples will be added.
153.6921 	WARNING 	Recording buffer is full, no more samples will be added.
153.7173 	WARNING 	Recording buffer is full, no more samples will be added.
153.7421 	WARNING 	Recording buffer is full, no more samples will be added.
153.7603 	WARNING 	Recording buffer is full, no more samples will be added.
153.7779 	WARNING 	Recording buffer is full, no more samples will be added.
153.8060 	WARNING 	Recording buffer is full, no more samples will be added.
153.8240 	WARNING 	Recording buffer is full, no more samples will be added.
153.8428 	WARNING 	Recording buffer is full, no more samples will be added.
153.8689 	WARNING 	Recording buffer is full, no more samples will be added.
153.9021 	WARNING 	Recording buffer is full, no more samples will be added.
153.9277 	WARNING 	Recording buffer is full, no more samples will be added.
153.9445 	WARNING 	Recording buffer is full, no more samples will be added.
153.9616 	WARNING 	Recording buffer is full, no more samples will be added.
153.9786 	WARNING 	Recording buffer is full, no more samples will be added.
153.9888 	WARNING 	Recording buffer is full, no more samples will be added.
154.0131 	WARNING 	Recording buffer is full, no more samples will be added.
154.0301 	WARNING 	Recording buffer is full, no more samples will be added.
154.0426 	WARNING 	Recording buffer is full, no more samples will be added.
154.0534 	WARNING 	Recording buffer is full, no more samples will be added.
154.0787 	WARNING 	Recording buffer is full, no more samples will be added.
154.0882 	WARNING 	Recording buffer is full, no more samples will be added.
154.1123 	WARNING 	Recording buffer is full, no more samples will be added.
154.1303 	WARNING 	Recording buffer is full, no more samples will be added.
154.1471 	WARNING 	Recording buffer is full, no more samples will be added.
154.1649 	WARNING 	Recording buffer is full, no more samples will be added.
154.1900 	WARNING 	Recording buffer is full, no more samples will be added.
154.2147 	WARNING 	Recording buffer is full, no more samples will be added.
154.2245 	WARNING 	Recording buffer is full, no more samples will be added.
154.2428 	WARNING 	Recording buffer is full, no more samples will be added.
154.2676 	WARNING 	Recording buffer is full, no more samples will be added.
154.2919 	WARNING 	Recording buffer is full, no more samples will be added.
154.3099 	WARNING 	Recording buffer is full, no more samples will be added.
154.3269 	WARNING 	Recording buffer is full, no more samples will be added.
154.3441 	WARNING 	Recording buffer is full, no more samples will be added.
154.3691 	WARNING 	Recording buffer is full, no more samples will be added.
154.3941 	WARNING 	Recording buffer is full, no more samples will be added.
154.4209 	WARNING 	Recording buffer is full, no more samples will be added.
154.4451 	WARNING 	Recording buffer is full, no more samples will be added.
154.4641 	WARNING 	Recording buffer is full, no more samples will be added.
154.4805 	WARNING 	Recording buffer is full, no more samples will be added.
154.5051 	WARNING 	Recording buffer is full, no more samples will be added.
154.5304 	WARNING 	Recording buffer is full, no more samples will be added.
154.5544 	WARNING 	Recording buffer is full, no more samples will be added.
154.5813 	WARNING 	Recording buffer is full, no more samples will be added.
154.6052 	WARNING 	Recording buffer is full, no more samples will be added.
154.6448 	WARNING 	Recording buffer is full, no more samples will be added.
154.6535 	WARNING 	Recording buffer is full, no more samples will be added.
154.6793 	WARNING 	Recording buffer is full, no more samples will be added.
154.6969 	WARNING 	Recording buffer is full, no more samples will be added.
154.7159 	WARNING 	Recording buffer is full, no more samples will be added.
154.7414 	WARNING 	Recording buffer is full, no more samples will be added.
154.7601 	WARNING 	Recording buffer is full, no more samples will be added.
154.7852 	WARNING 	Recording buffer is full, no more samples will be added.
154.8109 	WARNING 	Recording buffer is full, no more samples will be added.
154.8364 	WARNING 	Recording buffer is full, no more samples will be added.
154.8686 	WARNING 	Recording buffer is full, no more samples will be added.
154.8942 	WARNING 	Recording buffer is full, no more samples will be added.
154.9202 	WARNING 	Recording buffer is full, no more samples will be added.
154.9447 	WARNING 	Recording buffer is full, no more samples will be added.
154.9550 	WARNING 	Recording buffer is full, no more samples will be added.
154.9799 	WARNING 	Recording buffer is full, no more samples will be added.
154.9901 	WARNING 	Recording buffer is full, no more samples will be added.
155.0026 	WARNING 	Recording buffer is full, no more samples will be added.
155.0220 	WARNING 	Recording buffer is full, no more samples will be added.
155.0463 	WARNING 	Recording buffer is full, no more samples will be added.
155.0560 	WARNING 	Recording buffer is full, no more samples will be added.
155.0801 	WARNING 	Recording buffer is full, no more samples will be added.
155.0987 	WARNING 	Recording buffer is full, no more samples will be added.
155.1245 	WARNING 	Recording buffer is full, no more samples will be added.
155.1489 	WARNING 	Recording buffer is full, no more samples will be added.
155.1736 	WARNING 	Recording buffer is full, no more samples will be added.
155.1979 	WARNING 	Recording buffer is full, no more samples will be added.
155.2317 	WARNING 	Recording buffer is full, no more samples will be added.
155.2555 	WARNING 	Recording buffer is full, no more samples will be added.
155.2741 	WARNING 	Recording buffer is full, no more samples will be added.
155.2856 	WARNING 	Recording buffer is full, no more samples will be added.
155.3057 	WARNING 	Recording buffer is full, no more samples will be added.
155.3297 	WARNING 	Recording buffer is full, no more samples will be added.
155.3393 	WARNING 	Recording buffer is full, no more samples will be added.
155.3586 	WARNING 	Recording buffer is full, no more samples will be added.
155.3918 	WARNING 	Recording buffer is full, no more samples will be added.
155.4189 	WARNING 	Recording buffer is full, no more samples will be added.
155.4213 	EXP 	Device response: <KeyPress from None: t=155.3975638630004, value=5, duration=None>
155.4219 	EXP 	Device response: <KeyPress from None: t=155.3975638630004, value=5, duration=0.020197377999920718>
155.4278 	DATA 	Keypress: 5
155.4406 	WARNING 	Recording buffer is full, no more samples will be added.
155.4595 	WARNING 	Recording buffer is full, no more samples will be added.
155.4844 	WARNING 	Recording buffer is full, no more samples will be added.
155.5091 	WARNING 	Recording buffer is full, no more samples will be added.
155.5262 	WARNING 	Recording buffer is full, no more samples will be added.
155.5432 	WARNING 	Recording buffer is full, no more samples will be added.
155.5686 	WARNING 	Recording buffer is full, no more samples will be added.
155.5936 	WARNING 	Recording buffer is full, no more samples will be added.
155.6119 	WARNING 	Recording buffer is full, no more samples will be added.
155.6290 	WARNING 	Recording buffer is full, no more samples will be added.
155.6398 	WARNING 	Recording buffer is full, no more samples will be added.
155.6645 	WARNING 	Recording buffer is full, no more samples will be added.
155.6899 	WARNING 	Recording buffer is full, no more samples will be added.
155.7148 	WARNING 	Recording buffer is full, no more samples will be added.
155.7418 	WARNING 	Recording buffer is full, no more samples will be added.
155.7596 	WARNING 	Recording buffer is full, no more samples will be added.
155.7768 	WARNING 	Recording buffer is full, no more samples will be added.
155.7938 	WARNING 	Recording buffer is full, no more samples will be added.
155.8182 	WARNING 	Recording buffer is full, no more samples will be added.
155.8429 	WARNING 	Recording buffer is full, no more samples will be added.
155.8601 	WARNING 	Recording buffer is full, no more samples will be added.
155.8769 	WARNING 	Recording buffer is full, no more samples will be added.
155.8855 	WARNING 	Recording buffer is full, no more samples will be added.
155.9018 	WARNING 	Recording buffer is full, no more samples will be added.
155.9210 	WARNING 	Recording buffer is full, no more samples will be added.
155.9449 	WARNING 	Recording buffer is full, no more samples will be added.
155.9547 	WARNING 	Recording buffer is full, no more samples will be added.
155.9783 	WARNING 	Recording buffer is full, no more samples will be added.
155.9960 	WARNING 	Recording buffer is full, no more samples will be added.
156.0087 	WARNING 	Recording buffer is full, no more samples will be added.
156.0335 	WARNING 	Recording buffer is full, no more samples will be added.
156.0587 	WARNING 	Recording buffer is full, no more samples will be added.
156.0766 	WARNING 	Recording buffer is full, no more samples will be added.
156.0933 	WARNING 	Recording buffer is full, no more samples will be added.
156.1105 	WARNING 	Recording buffer is full, no more samples will be added.
156.1277 	WARNING 	Recording buffer is full, no more samples will be added.
156.1553 	WARNING 	Recording buffer is full, no more samples will be added.
156.1789 	WARNING 	Recording buffer is full, no more samples will be added.
156.1893 	WARNING 	Recording buffer is full, no more samples will be added.
156.2017 	WARNING 	Recording buffer is full, no more samples will be added.
156.2184 	WARNING 	Recording buffer is full, no more samples will be added.
156.2388 	WARNING 	Recording buffer is full, no more samples will be added.
156.2638 	WARNING 	Recording buffer is full, no more samples will be added.
156.2852 	WARNING 	Recording buffer is full, no more samples will be added.
156.3040 	WARNING 	Recording buffer is full, no more samples will be added.
156.3314 	WARNING 	Recording buffer is full, no more samples will be added.
156.3578 	WARNING 	Recording buffer is full, no more samples will be added.
156.3825 	WARNING 	Recording buffer is full, no more samples will be added.
156.4086 	WARNING 	Recording buffer is full, no more samples will be added.
156.4259 	WARNING 	Recording buffer is full, no more samples will be added.
156.4361 	WARNING 	Recording buffer is full, no more samples will be added.
156.4522 	WARNING 	Recording buffer is full, no more samples will be added.
156.4710 	WARNING 	Recording buffer is full, no more samples will be added.
156.4950 	WARNING 	Recording buffer is full, no more samples will be added.
156.5049 	WARNING 	Recording buffer is full, no more samples will be added.
156.5288 	WARNING 	Recording buffer is full, no more samples will be added.
156.5471 	WARNING 	Recording buffer is full, no more samples will be added.
156.5787 	WARNING 	Recording buffer is full, no more samples will be added.
156.5889 	WARNING 	Recording buffer is full, no more samples will be added.
156.6129 	WARNING 	Recording buffer is full, no more samples will be added.
156.6382 	WARNING 	Recording buffer is full, no more samples will be added.
156.6639 	WARNING 	Recording buffer is full, no more samples will be added.
156.6885 	WARNING 	Recording buffer is full, no more samples will be added.
156.7140 	WARNING 	Recording buffer is full, no more samples will be added.
156.7382 	WARNING 	Recording buffer is full, no more samples will be added.
156.7634 	WARNING 	Recording buffer is full, no more samples will be added.
156.7874 	WARNING 	Recording buffer is full, no more samples will be added.
156.8122 	WARNING 	Recording buffer is full, no more samples will be added.
156.8371 	WARNING 	Recording buffer is full, no more samples will be added.
156.8646 	WARNING 	Recording buffer is full, no more samples will be added.
156.8934 	WARNING 	Recording buffer is full, no more samples will be added.
156.9116 	WARNING 	Recording buffer is full, no more samples will be added.
156.9381 	WARNING 	Recording buffer is full, no more samples will be added.
156.9632 	WARNING 	Recording buffer is full, no more samples will be added.
156.9913 	WARNING 	Recording buffer is full, no more samples will be added.
157.0092 	WARNING 	Recording buffer is full, no more samples will be added.
157.0258 	WARNING 	Recording buffer is full, no more samples will be added.
157.0425 	WARNING 	Recording buffer is full, no more samples will be added.
157.0515 	WARNING 	Recording buffer is full, no more samples will be added.
157.0702 	WARNING 	Recording buffer is full, no more samples will be added.
157.0918 	WARNING 	Recording buffer is full, no more samples will be added.
157.1016 	WARNING 	Recording buffer is full, no more samples will be added.
157.1260 	WARNING 	Recording buffer is full, no more samples will be added.
157.1428 	WARNING 	Recording buffer is full, no more samples will be added.
157.1675 	WARNING 	Recording buffer is full, no more samples will be added.
157.1926 	WARNING 	Recording buffer is full, no more samples will be added.
157.2099 	WARNING 	Recording buffer is full, no more samples will be added.
157.2408 	WARNING 	Recording buffer is full, no more samples will be added.
157.2537 	WARNING 	Recording buffer is full, no more samples will be added.
157.2709 	WARNING 	Recording buffer is full, no more samples will be added.
157.2932 	WARNING 	Recording buffer is full, no more samples will be added.
157.3072 	WARNING 	Recording buffer is full, no more samples will be added.
157.3314 	WARNING 	Recording buffer is full, no more samples will be added.
157.3554 	WARNING 	Recording buffer is full, no more samples will be added.
157.3722 	WARNING 	Recording buffer is full, no more samples will be added.
157.3905 	WARNING 	Recording buffer is full, no more samples will be added.
157.4165 	WARNING 	Recording buffer is full, no more samples will be added.
157.4192 	EXP 	Device response: <KeyPress from None: t=157.39762022600007, value=5, duration=None>
157.4280 	DATA 	Keypress: 5
157.4428 	WARNING 	Recording buffer is full, no more samples will be added.
157.4449 	EXP 	Device response: <KeyPress from None: t=157.39762022600007, value=5, duration=0.019943387000239454>
157.4775 	WARNING 	Recording buffer is full, no more samples will be added.
157.4946 	WARNING 	Recording buffer is full, no more samples will be added.
157.5129 	WARNING 	Recording buffer is full, no more samples will be added.
157.5391 	WARNING 	Recording buffer is full, no more samples will be added.
157.5570 	WARNING 	Recording buffer is full, no more samples will be added.
157.5750 	WARNING 	Recording buffer is full, no more samples will be added.
157.5926 	WARNING 	Recording buffer is full, no more samples will be added.
157.6037 	WARNING 	Recording buffer is full, no more samples will be added.
157.6209 	WARNING 	Recording buffer is full, no more samples will be added.
157.6393 	WARNING 	Recording buffer is full, no more samples will be added.
157.6657 	WARNING 	Recording buffer is full, no more samples will be added.
157.6917 	WARNING 	Recording buffer is full, no more samples will be added.
157.7171 	WARNING 	Recording buffer is full, no more samples will be added.
157.7414 	WARNING 	Recording buffer is full, no more samples will be added.
157.7595 	WARNING 	Recording buffer is full, no more samples will be added.
157.7766 	WARNING 	Recording buffer is full, no more samples will be added.
157.7922 	WARNING 	Recording buffer is full, no more samples will be added.
157.8008 	WARNING 	Recording buffer is full, no more samples will be added.
157.8171 	WARNING 	Recording buffer is full, no more samples will be added.
157.8408 	WARNING 	Recording buffer is full, no more samples will be added.
157.8657 	WARNING 	Recording buffer is full, no more samples will be added.
157.8903 	WARNING 	Recording buffer is full, no more samples will be added.
157.9082 	WARNING 	Recording buffer is full, no more samples will be added.
157.9322 	WARNING 	Recording buffer is full, no more samples will be added.
157.9502 	WARNING 	Recording buffer is full, no more samples will be added.
157.9686 	WARNING 	Recording buffer is full, no more samples will be added.
157.9989 	WARNING 	Recording buffer is full, no more samples will be added.
158.0305 	WARNING 	Recording buffer is full, no more samples will be added.
158.0508 	WARNING 	Recording buffer is full, no more samples will be added.
158.0700 	WARNING 	Recording buffer is full, no more samples will be added.
158.0942 	WARNING 	Recording buffer is full, no more samples will be added.
158.1040 	WARNING 	Recording buffer is full, no more samples will be added.
158.1282 	WARNING 	Recording buffer is full, no more samples will be added.
158.1463 	WARNING 	Recording buffer is full, no more samples will be added.
158.1783 	WARNING 	Recording buffer is full, no more samples will be added.
158.2002 	WARNING 	Recording buffer is full, no more samples will be added.
158.2184 	WARNING 	Recording buffer is full, no more samples will be added.
158.2421 	WARNING 	Recording buffer is full, no more samples will be added.
158.2673 	WARNING 	Recording buffer is full, no more samples will be added.
158.2922 	WARNING 	Recording buffer is full, no more samples will be added.
158.3021 	WARNING 	Recording buffer is full, no more samples will be added.
158.3271 	WARNING 	Recording buffer is full, no more samples will be added.
158.3448 	WARNING 	Recording buffer is full, no more samples will be added.
158.3722 	WARNING 	Recording buffer is full, no more samples will be added.
158.3837 	WARNING 	Recording buffer is full, no more samples will be added.
158.4002 	WARNING 	Recording buffer is full, no more samples will be added.
158.4167 	WARNING 	Recording buffer is full, no more samples will be added.
158.4339 	WARNING 	Recording buffer is full, no more samples will be added.
158.4526 	WARNING 	Recording buffer is full, no more samples will be added.
158.4713 	WARNING 	Recording buffer is full, no more samples will be added.
158.4959 	WARNING 	Recording buffer is full, no more samples will be added.
158.5171 	WARNING 	Recording buffer is full, no more samples will be added.
158.5411 	WARNING 	Recording buffer is full, no more samples will be added.
158.5664 	WARNING 	Recording buffer is full, no more samples will be added.
158.5850 	WARNING 	Recording buffer is full, no more samples will be added.
158.6031 	WARNING 	Recording buffer is full, no more samples will be added.
158.6283 	WARNING 	Recording buffer is full, no more samples will be added.
158.6544 	WARNING 	Recording buffer is full, no more samples will be added.
158.6722 	WARNING 	Recording buffer is full, no more samples will be added.
158.6991 	WARNING 	Recording buffer is full, no more samples will be added.
158.7259 	WARNING 	Recording buffer is full, no more samples will be added.
158.7362 	WARNING 	Recording buffer is full, no more samples will be added.
158.7605 	WARNING 	Recording buffer is full, no more samples will be added.
158.7858 	WARNING 	Recording buffer is full, no more samples will be added.
158.8103 	WARNING 	Recording buffer is full, no more samples will be added.
158.8328 	WARNING 	Recording buffer is full, no more samples will be added.
158.8505 	WARNING 	Recording buffer is full, no more samples will be added.
158.8826 	WARNING 	Recording buffer is full, no more samples will be added.
158.9005 	WARNING 	Recording buffer is full, no more samples will be added.
158.9187 	WARNING 	Recording buffer is full, no more samples will be added.
158.9368 	WARNING 	Recording buffer is full, no more samples will be added.
158.9627 	WARNING 	Recording buffer is full, no more samples will be added.
158.9889 	WARNING 	Recording buffer is full, no more samples will be added.
159.0071 	WARNING 	Recording buffer is full, no more samples will be added.
159.0234 	WARNING 	Recording buffer is full, no more samples will be added.
159.0484 	WARNING 	Recording buffer is full, no more samples will be added.
159.0733 	WARNING 	Recording buffer is full, no more samples will be added.
159.1000 	WARNING 	Recording buffer is full, no more samples will be added.
159.1241 	WARNING 	Recording buffer is full, no more samples will be added.
159.1506 	WARNING 	Recording buffer is full, no more samples will be added.
159.1816 	WARNING 	Recording buffer is full, no more samples will be added.
159.2053 	WARNING 	Recording buffer is full, no more samples will be added.
159.2220 	WARNING 	Recording buffer is full, no more samples will be added.
159.2485 	WARNING 	Recording buffer is full, no more samples will be added.
159.2752 	WARNING 	Recording buffer is full, no more samples will be added.
159.2999 	WARNING 	Recording buffer is full, no more samples will be added.
159.3270 	WARNING 	Recording buffer is full, no more samples will be added.
159.3370 	WARNING 	Recording buffer is full, no more samples will be added.
159.3613 	WARNING 	Recording buffer is full, no more samples will be added.
159.3867 	WARNING 	Recording buffer is full, no more samples will be added.
159.4115 	WARNING 	Recording buffer is full, no more samples will be added.
159.4143 	EXP 	Device response: <KeyPress from None: t=159.39768766000043, value=5, duration=None>
159.4225 	DATA 	Keypress: 5
159.4360 	WARNING 	Recording buffer is full, no more samples will be added.
159.4392 	EXP 	Device response: <KeyPress from None: t=159.39768766000043, value=5, duration=0.019919502999982797>
159.4570 	WARNING 	Recording buffer is full, no more samples will be added.
159.4844 	WARNING 	Recording buffer is full, no more samples will be added.
159.5048 	WARNING 	Recording buffer is full, no more samples will be added.
159.5303 	WARNING 	Recording buffer is full, no more samples will be added.
159.5563 	WARNING 	Recording buffer is full, no more samples will be added.
159.5735 	WARNING 	Recording buffer is full, no more samples will be added.
159.5934 	WARNING 	Recording buffer is full, no more samples will be added.
159.6003 	WARNING 	Recording buffer is full, no more samples will be added.
159.6154 	WARNING 	Recording buffer is full, no more samples will be added.
159.6316 	WARNING 	Recording buffer is full, no more samples will be added.
159.6503 	WARNING 	Recording buffer is full, no more samples will be added.
159.6913 	WARNING 	Recording buffer is full, no more samples will be added.
159.7018 	WARNING 	Recording buffer is full, no more samples will be added.
159.7199 	WARNING 	Recording buffer is full, no more samples will be added.
159.7471 	WARNING 	Recording buffer is full, no more samples will be added.
159.7723 	WARNING 	Recording buffer is full, no more samples will be added.
159.7908 	WARNING 	Recording buffer is full, no more samples will be added.
159.8160 	WARNING 	Recording buffer is full, no more samples will be added.
159.8400 	WARNING 	Recording buffer is full, no more samples will be added.
159.8571 	WARNING 	Recording buffer is full, no more samples will be added.
159.8820 	WARNING 	Recording buffer is full, no more samples will be added.
159.8846 	EXP 	Device response: <KeyPress from None: t=159.86413018600024, value=f12, duration=None>
159.9081 	WARNING 	Recording buffer is full, no more samples will be added.
159.9353 	WARNING 	Recording buffer is full, no more samples will be added.
159.9652 	WARNING 	Recording buffer is full, no more samples will be added.
159.9918 	WARNING 	Recording buffer is full, no more samples will be added.
160.0105 	WARNING 	Recording buffer is full, no more samples will be added.
160.0354 	WARNING 	Recording buffer is full, no more samples will be added.
160.0483 	WARNING 	Recording buffer is full, no more samples will be added.
160.0715 	WARNING 	Recording buffer is full, no more samples will be added.
160.0955 	WARNING 	Recording buffer is full, no more samples will be added.
160.1153 	WARNING 	Recording buffer is full, no more samples will be added.
160.1327 	WARNING 	Recording buffer is full, no more samples will be added.
160.1654 	WARNING 	Recording buffer is full, no more samples will be added.
160.1829 	WARNING 	Recording buffer is full, no more samples will be added.
160.2158 	WARNING 	Recording buffer is full, no more samples will be added.
160.2332 	WARNING 	Recording buffer is full, no more samples will be added.
160.2657 	WARNING 	Recording buffer is full, no more samples will be added.
160.2829 	WARNING 	Recording buffer is full, no more samples will be added.
160.2999 	WARNING 	Recording buffer is full, no more samples will be added.
160.3178 	WARNING 	Recording buffer is full, no more samples will be added.
160.3402 	WARNING 	Recording buffer is full, no more samples will be added.
160.3476 	WARNING 	Recording buffer is full, no more samples will be added.
160.3712 	WARNING 	Recording buffer is full, no more samples will be added.
160.4008 	WARNING 	Recording buffer is full, no more samples will be added.
160.4193 	WARNING 	Recording buffer is full, no more samples will be added.
160.4530 	WARNING 	Recording buffer is full, no more samples will be added.
160.4921 	WARNING 	Recording buffer is full, no more samples will be added.
160.5181 	WARNING 	Recording buffer is full, no more samples will be added.
160.5356 	WARNING 	Recording buffer is full, no more samples will be added.
160.5888 	WARNING 	Recording buffer is full, no more samples will be added.
160.6149 	WARNING 	Recording buffer is full, no more samples will be added.
160.6403 	WARNING 	Recording buffer is full, no more samples will be added.
160.6662 	WARNING 	Recording buffer is full, no more samples will be added.
160.6850 	WARNING 	Recording buffer is full, no more samples will be added.
160.7041 	WARNING 	Recording buffer is full, no more samples will be added.
160.7400 	WARNING 	Recording buffer is full, no more samples will be added.
160.7586 	WARNING 	Recording buffer is full, no more samples will be added.
160.7853 	WARNING 	Recording buffer is full, no more samples will be added.
160.8110 	WARNING 	Recording buffer is full, no more samples will be added.
160.8145 	EXP 	Device response: <KeyPress from None: t=159.86413018600024, value=f12, duration=0.9341545829997813>
160.8489 	WARNING 	Recording buffer is full, no more samples will be added.
160.8674 	WARNING 	Recording buffer is full, no more samples will be added.
160.8844 	WARNING 	Recording buffer is full, no more samples will be added.
160.9097 	WARNING 	Recording buffer is full, no more samples will be added.
160.9351 	WARNING 	Recording buffer is full, no more samples will be added.
160.9535 	WARNING 	Recording buffer is full, no more samples will be added.
160.9722 	WARNING 	Recording buffer is full, no more samples will be added.
160.9910 	WARNING 	Recording buffer is full, no more samples will be added.
161.0175 	WARNING 	Recording buffer is full, no more samples will be added.
161.0200 	EXP 	Device response: <KeyPress from None: t=161.01376008700026, value=f12, duration=None>
161.0456 	WARNING 	Recording buffer is full, no more samples will be added.
161.0480 	EXP 	Device response: <KeyPress from None: t=161.01376008700026, value=f12, duration=0.02817127599973901>
161.0936 	WARNING 	Recording buffer is full, no more samples will be added.
161.1193 	WARNING 	Recording buffer is full, no more samples will be added.
161.1447 	WARNING 	Recording buffer is full, no more samples will be added.
161.1643 	WARNING 	Recording buffer is full, no more samples will be added.
161.1673 	EXP 	Device response: <KeyPress from None: t=161.16376215200034, value=f12, duration=None>
161.2080 	WARNING 	Recording buffer is full, no more samples will be added.
161.2115 	EXP 	Device response: <KeyPress from None: t=161.16376215200034, value=f12, duration=0.040351221000037185>
161.2470 	WARNING 	Recording buffer is full, no more samples will be added.
161.2738 	WARNING 	Recording buffer is full, no more samples will be added.
161.2841 	WARNING 	Recording buffer is full, no more samples will be added.
161.3094 	WARNING 	Recording buffer is full, no more samples will be added.
161.3351 	WARNING 	Recording buffer is full, no more samples will be added.
161.3372 	EXP 	Device response: <KeyPress from None: t=161.31985824600042, value=f12, duration=None>
161.3648 	WARNING 	Recording buffer is full, no more samples will be added.
161.3681 	EXP 	Device response: <KeyPress from None: t=161.31985824600042, value=f12, duration=0.04031333499960965>
161.4056 	WARNING 	Recording buffer is full, no more samples will be added.
161.4097 	EXP 	Device response: <KeyPress from None: t=161.3976475430004, value=5, duration=None>
161.4268 	DATA 	Keypress: 5
161.4362 	WARNING 	Recording buffer is full, no more samples will be added.
161.4380 	EXP 	Device response: <KeyPress from None: t=161.3976475430004, value=5, duration=0.019966183999713394>
161.4534 	WARNING 	Recording buffer is full, no more samples will be added.
161.4814 	WARNING 	Recording buffer is full, no more samples will be added.
161.4990 	EXP 	Device response: <KeyPress from None: t=161.46177613999998, value=f12, duration=None>
161.5328 	WARNING 	Recording buffer is full, no more samples will be added.
161.5364 	EXP 	Device response: <KeyPress from None: t=161.46177613999998, value=f12, duration=0.06058631100040657>
161.5809 	WARNING 	Recording buffer is full, no more samples will be added.
161.6188 	WARNING 	Recording buffer is full, no more samples will be added.
161.6234 	EXP 	Device response: <KeyPress from None: t=161.60979198600035, value=f12, duration=None>
161.6645 	WARNING 	Recording buffer is full, no more samples will be added.
161.6825 	WARNING 	Recording buffer is full, no more samples will be added.
161.6854 	EXP 	Device response: <KeyPress from None: t=161.60979198600035, value=f12, duration=0.06839404599986665>
161.7204 	WARNING 	Recording buffer is full, no more samples will be added.
161.7454 	WARNING 	Recording buffer is full, no more samples will be added.
161.7639 	WARNING 	Recording buffer is full, no more samples will be added.
161.7813 	WARNING 	Recording buffer is full, no more samples will be added.
161.7987 	WARNING 	Recording buffer is full, no more samples will be added.
161.8170 	WARNING 	Recording buffer is full, no more samples will be added.
161.8407 	WARNING 	Recording buffer is full, no more samples will be added.
161.8496 	WARNING 	Recording buffer is full, no more samples will be added.
161.8692 	WARNING 	Recording buffer is full, no more samples will be added.
161.8935 	WARNING 	Recording buffer is full, no more samples will be added.
161.9138 	WARNING 	Recording buffer is full, no more samples will be added.
161.9317 	WARNING 	Recording buffer is full, no more samples will be added.
161.9495 	WARNING 	Recording buffer is full, no more samples will be added.
161.9679 	WARNING 	Recording buffer is full, no more samples will be added.
161.9928 	WARNING 	Recording buffer is full, no more samples will be added.
162.0186 	WARNING 	Recording buffer is full, no more samples will be added.
162.0427 	WARNING 	Recording buffer is full, no more samples will be added.
162.0633 	WARNING 	Recording buffer is full, no more samples will be added.
162.0802 	WARNING 	Recording buffer is full, no more samples will be added.
162.0960 	WARNING 	Recording buffer is full, no more samples will be added.
162.1132 	WARNING 	Recording buffer is full, no more samples will be added.
162.1337 	WARNING 	Recording buffer is full, no more samples will be added.
162.1506 	WARNING 	Recording buffer is full, no more samples will be added.
162.1692 	WARNING 	Recording buffer is full, no more samples will be added.
162.1962 	WARNING 	Recording buffer is full, no more samples will be added.
162.2156 	WARNING 	Recording buffer is full, no more samples will be added.
162.2338 	WARNING 	Recording buffer is full, no more samples will be added.
162.2529 	WARNING 	Recording buffer is full, no more samples will be added.
162.2727 	WARNING 	Recording buffer is full, no more samples will be added.
162.2992 	WARNING 	Recording buffer is full, no more samples will be added.
162.3177 	WARNING 	Recording buffer is full, no more samples will be added.
162.3368 	WARNING 	Recording buffer is full, no more samples will be added.
162.3617 	WARNING 	Recording buffer is full, no more samples will be added.
162.3864 	WARNING 	Recording buffer is full, no more samples will be added.
162.4141 	WARNING 	Recording buffer is full, no more samples will be added.
162.4327 	WARNING 	Recording buffer is full, no more samples will be added.
162.4504 	WARNING 	Recording buffer is full, no more samples will be added.
162.4688 	WARNING 	Recording buffer is full, no more samples will be added.
162.4972 	WARNING 	Recording buffer is full, no more samples will be added.
162.5296 	WARNING 	Recording buffer is full, no more samples will be added.
162.5481 	WARNING 	Recording buffer is full, no more samples will be added.
162.5825 	WARNING 	Recording buffer is full, no more samples will be added.
162.6076 	WARNING 	Recording buffer is full, no more samples will be added.
162.6325 	WARNING 	Recording buffer is full, no more samples will be added.
162.6503 	WARNING 	Recording buffer is full, no more samples will be added.
162.6749 	WARNING 	Recording buffer is full, no more samples will be added.
162.7002 	WARNING 	Recording buffer is full, no more samples will be added.
162.7246 	WARNING 	Recording buffer is full, no more samples will be added.
162.7453 	WARNING 	Recording buffer is full, no more samples will be added.
162.7643 	WARNING 	Recording buffer is full, no more samples will be added.
162.7818 	WARNING 	Recording buffer is full, no more samples will be added.
162.7986 	WARNING 	Recording buffer is full, no more samples will be added.
162.8170 	WARNING 	Recording buffer is full, no more samples will be added.
162.9235 	EXP 	New trial (rep=1, index=0): <Trial 1 (0 in rep 1) data={'thisN': 1, 'thisTrialN': 0, 'thisRepN': 1}>
162.9237 	EXP 	idea_mic: policyWhenFull = 'warn'
162.9477 	EXP 	t_FZ: autoDraw = False
162.9477 	EXP 	text: autoDraw = False
162.9477 	EXP 	t_FZ: autoDraw = True
163.4018 	EXP 	Device response: <KeyPress from None: t=163.39788754300025, value=5, duration=None>
163.4221 	DATA 	Keypress: 5
163.4364 	EXP 	Device response: <KeyPress from None: t=163.39788754300025, value=5, duration=0.01968831099975432>
165.4176 	EXP 	Device response: <KeyPress from None: t=165.3975938890003, value=5, duration=None>
165.4232 	DATA 	Keypress: 5
165.4495 	EXP 	Device response: <KeyPress from None: t=165.3975938890003, value=5, duration=0.02000722799994037>
167.4111 	EXP 	Device response: <KeyPress from None: t=167.397592971, value=5, duration=None>
167.4185 	DATA 	Keypress: 5
167.4285 	EXP 	Device response: <KeyPress from None: t=167.397592971, value=5, duration=0.0199869870002658>
171.4120 	EXP 	Device response: <KeyPress from None: t=171.39699953900026, value=escape, duration=None>
171.6013 	DATA 	Keypress: escape
171.6218 	EXP 	Device response: <KeyPress from None: t=171.39699953900026, value=escape, duration=0.21775138400016658>
171.6220 	EXP 	mct: status = STOPPED
171.6442 	EXP 	t_FZ: autoDraw = False
171.6444 	EXP 	mct: status = STOPPED
171.6445 	INFO 	Saving 1 audio clips with tag 2026-04-28_12h51.06.337
171.6683 	INFO 	Saved audio data to /Users/natalia/Nextcloud/current_teaching/2026_SS_SE_ANI/experiments/mct/data/001_mct_2026-04-28_12h48.03.246_idea_mic_recorded/recording_idea_mic_2026-04-28_12h51.06.337.wav
171.6684 	INFO 	Saving 0 audio clips with tag unfinished
171.6920 	INFO 	saved data to '/Users/natalia/Nextcloud/current_teaching/2026_SS_SE_ANI/experiments/mct/data/001_mct_2026-04-28_12h48.03.246.csv'
171.6971 	INFO 	saved data to /Users/natalia/Nextcloud/current_teaching/2026_SS_SE_ANI/experiments/mct/data/001_mct_2026-04-28_12h48.03.246.psydat
173.3045 	INFO 	Saving 0 audio clips with tag 2026-04-28_12h51.06.337
173.3046 	INFO 	Saving 0 audio clips with tag unfinished
173.3117 	INFO 	Stopping keyboard key buffers.
